      FROM CHEASE BUT COCOS=12 ,SI UNITS20210307   3  60  60
 1.285036812E+00 2.404095777E+00 1.696000000E+00 1.039643656E+00 1.557775739E-02
 1.728397251E+00 1.557775739E-02-1.958354122E+00 0.000000000E+00 2.003000000E+00
 1.374097579E+06-1.958354122E+00 0.000000000E+00 1.728397251E+00 0.000000000E+00
 1.557775739E-02 0.000000000E+00 0.000000000E+00 0.000000000E+00 0.000000000E+00
 3.505149898E+00 3.497963544E+00 3.491640954E+00 3.486001361E+00 3.480905909E+00
 3.476248384E+00 3.471947574E+00 3.467941380E+00 3.464182300E+00 3.460633966E+00
 3.457268466E+00 3.454064299E+00 3.451004780E+00 3.448076806E+00 3.445269871E+00
 3.442575289E+00 3.439985532E+00 3.437493664E+00 3.435092822E+00 3.432776011E+00
 3.430537260E+00 3.428372008E+00 3.426276803E+00 3.424249032E+00 3.422286723E+00
 3.420388397E+00 3.418552946E+00 3.416779549E+00 3.415067602E+00 3.413416665E+00
 3.411826429E+00 3.410296681E+00 3.408827286E+00 3.407418169E+00 3.406069308E+00
 3.404780721E+00 3.403552468E+00 3.402384648E+00 3.401277397E+00 3.400230904E+00
 3.399245409E+00 3.398321228E+00 3.397458764E+00 3.396658540E+00 3.395921226E+00
 3.395247693E+00 3.394639072E+00 3.394096834E+00 3.393622889E+00 3.393219786E+00
 3.392890657E+00 3.392640134E+00 3.392473170E+00 3.392398421E+00 3.392419987E+00
 3.392583172E+00 3.392815930E+00 3.393571611E+00 3.395134246E+00 3.397088000E+00
 7.801107930E+04 7.794978267E+04 7.736038384E+04 7.638856268E+04 7.514574848E+04
 7.371679930E+04 7.216627803E+04 7.054323217E+04 6.888482165E+04 6.721906912E+04
 6.556693275E+04 6.394385758E+04 6.236091855E+04 6.082563852E+04 5.934254775E+04
 5.791351587E+04 5.653789225E+04 5.521245741E+04 5.393118226E+04 5.268554859E+04
 5.146756049E+04 5.027107852E+04 4.909141973E+04 4.792501382E+04 4.676913706E+04
 4.562171271E+04 4.448115632E+04 4.334625763E+04 4.221609315E+04 4.108995598E+04
 3.996730432E+04 3.884772141E+04 3.773088423E+04 3.661654000E+04 3.550448734E+04
 3.439456152E+04 3.328662192E+04 3.218054180E+04 3.107619950E+04 2.997346813E+04
 2.887220753E+04 2.777225301E+04 2.667340361E+04 2.557540719E+04 2.447794139E+04
 2.338059033E+04 2.228281310E+04 2.118390444E+04 2.008295206E+04 1.897869964E+04
 1.786973044E+04 1.675356353E+04 1.562831241E+04 1.448830689E+04 1.333702138E+04
 1.207743770E+04 1.074285877E+04 8.383167651E+03 4.247331405E+03 0.000000000E+00
-7.961682854E-01-7.082278645E-01-6.264056430E-01-5.616039222E-01-5.097847653E-01
-4.678707068E-01-4.335169197E-01-4.049375788E-01-3.807740272E-01-3.599940121E-01
-3.418160003E-01-3.256505881E-01-3.110571032E-01-2.977115487E-01-2.853818277E-01
-2.739111176E-01-2.632063209E-01-2.532306562E-01-2.439987504E-01-2.354793075E-01
-2.275153621E-01-2.199750202E-01-2.127574819E-01-2.057861282E-01-1.990023267E-01
-1.923613169E-01-1.858290235E-01-1.793792622E-01-1.729920555E-01-1.666521440E-01
-1.603474641E-01-1.540689845E-01-1.478091615E-01-1.415620978E-01-1.353226281E-01
-1.290862755E-01-1.228486507E-01-1.166055964E-01-1.103522393E-01-1.040830562E-01
-9.779122917E-02-9.146823271E-02-8.510339958E-02-7.868288249E-02-7.218871461E-02
-6.559748497E-02-5.887852000E-02-5.199161648E-02-4.488544148E-02-3.748536052E-02
-2.972147702E-02-2.142784702E-02-1.249503458E-02-2.899623578E-03 8.529685342E-03
 2.258780414E-02 3.273424906E-02 1.295207465E-01 1.793912152E-01 2.298385401E-01
 3.612694911E+03-1.062986053E+04-2.415522526E+04-3.384613446E+04-4.061622609E+04
-4.516283427E+04-4.801884097E+04-4.959204583E+04-5.019527884E+04-5.006966246E+04
-4.940232744E+04-4.834034435E+04-4.700164170E+04-4.548355875E+04-4.387026907E+04
-4.223884377E+04-4.066495723E+04-3.922862208E+04-3.801948378E+04-3.707609239E+04
-3.634400947E+04-3.577297629E+04-3.532478149E+04-3.497022635E+04-3.468710153E+04
-3.445848104E+04-3.427142395E+04-3.411612657E+04-3.398510174E+04-3.387263321E+04
-3.377445901E+04-3.368726359E+04-3.360866125E+04-3.353679894E+04-3.347039857E+04
-3.340852711E+04-3.335065201E+04-3.329645659E+04-3.324596936E+04-3.319945315E+04
-3.315747423E+04-3.312093376E+04-3.309114033E+04-3.306989329E+04-3.305963173E+04
-3.306360054E+04-3.308611299E+04-3.313287047E+04-3.321093801E+04-3.333218350E+04
-3.350237116E+04-3.375507269E+04-3.409716823E+04-3.449168349E+04-3.552154803E+04
-3.977943582E+04-4.521258000E+04-1.030357377E+05-1.360170785E+05-1.097223486E+05
 7.449911683E-01 7.155017677E-01 6.879265142E-01 6.625391641E-01 6.392504039E-01
 6.180340369E-01 5.988568967E-01 5.816792160E-01 5.664670018E-01 5.531873565E-01
 5.418110661E-01 5.323096601E-01 5.246492430E-01 5.188022828E-01 5.147742632E-01
 5.126269770E-01 5.124413527E-01 5.142845991E-01 5.182133600E-01 5.243264361E-01
 5.328168757E-01 5.438980376E-01 5.576883098E-01 5.741989633E-01 5.934316749E-01
 6.155157656E-01 6.406736987E-01 6.690992840E-01 7.008476341E-01 7.359016712E-01
 7.742500423E-01 8.158969659E-01 8.608371682E-01 9.090462178E-01 9.604891641E-01
 1.015096786E+00 1.072751168E+00 1.133297341E+00 1.196566408E+00 1.262406863E+00
 1.330679816E+00 1.401236217E+00 1.473908704E+00 1.548527246E+00 1.624927610E+00
 1.702930626E+00 1.782340718E+00 1.863002414E+00 1.944865984E+00 2.027946092E+00
 2.112271010E+00 2.197859679E+00 2.284721487E+00 2.372866734E+00 2.462317204E+00
 2.553107123E+00 2.645274947E+00 2.738866945E+00 2.833975069E+00 2.930428690E+00
 7.035230700E-01 6.718179986E-01 6.420290247E-01 6.144518917E-01 5.889995072E-01
 5.656423910E-01 5.443588767E-01 5.251109988E-01 5.078587783E-01 4.925681274E-01
 4.792078362E-01 4.677516311E-01 4.581729525E-01 4.504439706E-01 4.445522253E-01
 4.405310572E-01 4.384583105E-01 4.384174302E-01 4.404756655E-01 4.447116313E-01
 4.512806791E-01 4.603981400E-01 4.722354669E-01 4.868450121E-01 5.042308759E-01
 5.244853115E-01 5.478176097E-01 5.744427149E-01 6.044490900E-01 6.378330953E-01
 6.745897079E-01 7.147293488E-01 7.582528001E-01 8.051398431E-01 8.553583248E-01
 9.088390443E-01 9.654613613E-01 1.025066080E+00 1.087483891E+00 1.152565648E+00
 1.220168764E+00 1.290132615E+00 1.362280538E+00 1.436438167E+00 1.512429653E+00
 1.590057729E+00 1.669125217E+00 1.749518643E+00 1.831221520E+00 1.914255273E+00
 1.998640035E+00 2.084383680E+00 2.171490876E+00 2.259976270E+00 2.349868713E+00
 2.441206096E+00 2.534026955E+00 2.628378141E+00 2.724343157E+00 2.821708607E+00
 6.641205664E-01 6.302024786E-01 5.981938531E-01 5.683997358E-01 5.407531276E-01
 5.152261678E-01 4.917957687E-01 4.704329232E-01 4.510965758E-01 4.337470430E-01
 4.183510883E-01 4.048805715E-01 3.933133191E-01 3.836266734E-01 3.758026410E-01
 3.698494297E-01 3.658280087E-01 3.638287302E-01 3.639356268E-01 3.662248757E-01
 3.708154714E-01 3.779071396E-01 3.877048211E-01 4.003125039E-01 4.157541338E-01
 4.340905820E-01 4.555100445E-01 4.802404334E-01 5.084051616E-01 5.400186571E-01
 5.750841978E-01 6.136198988E-01 6.556338912E-01 7.011111848E-01 7.500233507E-01
 8.023021237E-01 8.578245924E-01 9.164281995E-01 9.779454353E-01 1.042229121E+00
 1.109130495E+00 1.178476728E+00 1.250082955E+00 1.323769369E+00 1.399343735E+00
 1.476592485E+00 1.555336140E+00 1.635505746E+00 1.717106038E+00 1.800156194E+00
 1.884663419E+00 1.970626692E+00 2.058051672E+00 2.146959736E+00 2.237385159E+00
 2.329366617E+00 2.422942829E+00 2.518153647E+00 2.615046209E+00 2.713362052E+00
 6.270907226E-01 5.909629466E-01 5.567385192E-01 5.247213924E-01 4.948544418E-01
 4.671283874E-01 4.415205650E-01 4.180008066E-01 3.965353065E-01 3.770806668E-01
 3.595976634E-01 3.440549419E-01 3.304288711E-01 3.187024720E-01 3.088606700E-01
 3.009013523E-01 2.948600511E-01 2.908203401E-01 2.888806103E-01 2.891289414E-01
 2.916652242E-01 2.966580333E-01 3.043197587E-01 3.148073034E-01 3.281813240E-01
 3.444878735E-01 3.638864238E-01 3.866068123E-01 4.128065348E-01 4.425239628E-01
 4.757737184E-01 5.125837563E-01 5.529713130E-01 5.969280215E-01 6.444304977E-01
 6.954127569E-01 7.497504379E-01 8.072790794E-01 8.678354926E-01 9.312735633E-01
 9.974351144E-01 1.066135247E+00 1.137182563E+00 1.210387670E+00 1.285537958E+00
 1.362412608E+00 1.440871125E+00 1.520881443E+00 1.602454837E+00 1.685598242E+00
 1.770305590E+00 1.856572537E+00 1.944410850E+00 2.033848777E+00 2.124922080E+00
 2.217669279E+00 2.312123070E+00 2.408288358E+00 2.506164408E+00 2.605475457E+00
 5.923182773E-01 5.540020885E-01 5.175717685E-01 4.833406040E-01 4.512548971E-01
 4.213128104E-01 3.935082131E-01 3.678105000E-01 3.441841327E-01 3.225903401E-01
 3.029836380E-01 2.853259679E-01 2.695893441E-01 2.557564969E-01 2.438179081E-01
 2.337713455E-01 2.256371058E-01 2.194805249E-01 2.154028140E-01 2.135088343E-01
 2.139003916E-01 2.167158030E-01 2.221535385E-01 2.304059824E-01 2.415811457E-01
 2.557353338E-01 2.729971011E-01 2.935865059E-01 3.176903358E-01 3.453766351E-01
 3.766755361E-01 4.116275876E-01 4.502611619E-01 4.925763163E-01 5.385564792E-01
 5.881395863E-01 6.412010184E-01 6.975765523E-01 7.571095396E-01 8.196531610E-01
 8.850370347E-01 9.530651145E-01 1.023540380E+00 1.096257218E+00 1.170982636E+00
 1.247508315E+00 1.325740265E+00 1.405668083E+00 1.487296007E+00 1.570613683E+00
 1.655606118E+00 1.742272877E+00 1.830633474E+00 1.920718897E+00 2.012564569E+00
 2.106203716E+00 2.201636130E+00 2.298815419E+00 2.397722372E+00 2.498077897E+00
 5.597059226E-01 5.192532082E-01 4.806484591E-01 4.442181527E-01 4.099279077E-01
 3.777790002E-01 3.477706360E-01 3.198861309E-01 2.940880334E-01 2.703346972E-01
 2.485818729E-01 2.287825626E-01 2.109008270E-01 1.949138147E-01 1.808129394E-01
 1.686004321E-01 1.582944500E-01 1.499437135E-01 1.436401532E-01 1.394990243E-01
 1.376371238E-01 1.381815252E-01 1.413054706E-01 1.472089724E-01 1.560476039E-01
 1.679119095E-01 1.829092402E-01 2.012393543E-01 2.231084738E-01 2.486178522E-01
 2.778171933E-01 3.107631807E-01 3.474990600E-01 3.880362569E-01 4.323676054E-01
 4.804367869E-01 5.321207111E-01 5.872585226E-01 6.457015824E-01 7.072995097E-01
 7.718680758E-01 8.392017210E-01 9.090956251E-01 9.813219480E-01 1.055634463E+00
 1.131859722E+00 1.209942291E+00 1.289875654E+00 1.371645708E+00 1.455226782E+00
 1.540603368E+00 1.627782805E+00 1.716789004E+00 1.807652592E+00 1.900404116E+00
 1.995046150E+00 2.091524700E+00 2.189771002E+00 2.289763025E+00 2.391214951E+00
 5.291424524E-01 4.866134817E-01 4.458900657E-01 4.072991880E-01 3.708261182E-01
 3.364909286E-01 3.042968406E-01 2.742305340E-01 2.462649383E-01 2.203542683E-01
 1.964494488E-01 1.745000005E-01 1.544575929E-01 1.362909171E-01 1.199857044E-01
 1.055459473E-01 9.299421175E-02 8.237068147E-02 7.375463901E-02 6.726291965E-02
 6.302465458E-02 6.117720808E-02 6.187937790E-02 6.531690286E-02 7.167396208E-02
 8.109039462E-02 9.367688223E-02 1.096091037E-01 1.290977040E-01 1.522755372E-01
 1.792147743E-01 2.099934590E-01 2.446760659E-01 2.832859965E-01 3.258261825E-01
 3.722511131E-01 4.224438958E-01 4.762517457E-01 5.335338727E-01 5.941326568E-01
 6.578497226E-01 7.244719193E-01 7.937802179E-01 8.655221857E-01 9.394560132E-01
 1.015453379E+00 1.093479722E+00 1.173514824E+00 1.255522603E+00 1.339469927E+00
 1.425347742E+00 1.513169537E+00 1.602959145E+00 1.694742444E+00 1.788521560E+00
 1.884243619E+00 1.981828362E+00 2.081202868E+00 2.182337110E+00 2.284933725E+00
 5.005020979E-01 4.559557979E-01 4.131726515E-01 3.724786815E-01 3.338679815E-01
 2.973760541E-01 2.630245606E-01 2.308051798E-01 2.006920011E-01 1.726449334E-01
 1.466067162E-01 1.225187687E-01 1.003269937E-01 7.998986597E-02 6.148362281E-02
 4.479288269E-02 2.992318216E-02 1.694598146E-02 5.955514335E-03-2.937560432E-03
-9.619269105E-03-1.394223926E-02-1.574151802E-02-1.485427017E-02-1.110330462E-02
-4.311727668E-03 5.656851001E-03 1.896134278E-02 3.581179916E-02 5.639554841E-02
 8.084900298E-02 1.092807850E-01 1.417494148E-01 1.782773322E-01 2.188745943E-01
 2.635174122E-01 3.120981209E-01 3.644751855E-01 4.205190593E-01 4.800634821E-01
 5.428962944E-01 6.087967890E-01 6.775232999E-01 7.488027765E-01 8.224200404E-01
 8.982846327E-01 9.763605938E-01 1.056601539E+00 1.138954766E+00 1.223389831E+00
 1.309905110E+00 1.398514736E+00 1.489237704E+00 1.582073540E+00 1.676968218E+00
 1.773838526E+00 1.872598375E+00 1.973165920E+00 2.075495053E+00 2.179275875E+00
 4.736617662E-01 4.271441732E-01 3.823546834E-01 3.396136570E-01 2.989223945E-01
 2.603240965E-01 2.238532397E-01 1.895185640E-01 1.572994192E-01 1.271532253E-01
 9.902329072E-02 7.284838694E-02 4.857097330E-02 2.609578093E-02 5.368506473E-03
-1.362115507E-02-3.092037879E-02-4.636171510E-02-5.979785531E-02-7.112799265E-02
-8.024852536E-02-8.702466323E-02-9.130385639E-02-9.293962262E-02-9.178306744E-02
-8.766573691E-02-8.043980805E-02-6.996939441E-02-5.604367051E-02-3.839451415E-02
-1.677258918E-02 8.956429094E-03 3.881973650E-02 7.293184824E-02 1.113883749E-01
 1.541192601E-01 2.009769681E-01 2.518265528E-01 3.065591749E-01 3.649952369E-01
 4.269155165E-01 4.920917093E-01 5.602527758E-01 6.311177265E-01 7.045100514E-01
 7.803562774E-01 8.585969343E-01 9.391585735E-01 1.021983774E+00 1.107049504E+00
 1.194356033E+00 1.283912397E+00 1.375713015E+00 1.469701616E+00 1.565789810E+00
 1.663886371E+00 1.763894670E+00 1.865715175E+00 1.969283258E+00 2.074281740E+00
 4.485015739E-01 4.000497601E-01 3.532911710E-01 3.085483030E-01 2.658268540E-01
 2.251760200E-01 1.866390495E-01 1.502356218E-01 1.159581935E-01 8.377189609E-02
 5.363217859E-02 2.546005832E-02-9.158993804E-04-2.569068045E-02-4.896080996E-02
-7.059251442E-02-9.053768715E-02-1.087178250E-01-1.249980760E-01-1.392139497E-01
-1.511962451E-01-1.607729489E-01-1.677673146E-01-1.720155019E-01-1.733713743E-01
-1.716765850E-01-1.667768140E-01-1.585677517E-01-1.469215791E-01-1.316918409E-01
-1.127660360E-01-9.003831371E-02-6.331295708E-02-3.217401198E-02 3.685979669E-03
 4.406814764E-02 8.889553240E-02 1.381210909E-01 1.915098780E-01 2.488074807E-01
 3.098084089E-01 3.742714951E-01 4.419013323E-01 5.124323367E-01 5.857188693E-01
 6.616754200E-01 7.402061669E-01 8.212212130E-01 9.046681424E-01 9.905273571E-01
 1.078793673E+00 1.169452920E+00 1.262445160E+00 1.357676072E+00 1.455046666E+00
 1.554452919E+00 1.655777933E+00 1.758902834E+00 1.863747640E+00 1.969989073E+00
 4.248883035E-01 3.745416158E-01 3.258462154E-01 2.791292586E-01 2.344111618E-01
 1.917490492E-01 1.511928506E-01 1.127720483E-01 7.649409577E-02 4.235372722E-02
 1.026290562E-02-2.007591916E-02-4.908432088E-02-7.674365287E-02-1.030387556E-01
-1.279055428E-01-1.512031387E-01-1.727627398E-01-1.923896724E-01-2.098803975E-01
-2.250332045E-01-2.376592373E-01-2.475721749E-01-2.545948444E-01-2.585739677E-01
-2.593579542E-01-2.567818030E-01-2.507337827E-01-2.411117888E-01-2.277999050E-01
-2.107256154E-01-1.898143971E-01-1.649681510E-01-1.360801419E-01-1.030544103E-01
-6.575098700E-02-2.364730564E-02 2.348606674E-02 7.518947371E-02 1.312842962E-01
 1.914282826E-01 2.552387034E-01 3.224145466E-01 3.927278073E-01 4.660477366E-01
 5.422536946E-01 6.212158347E-01 7.028415493E-01 7.870828466E-01 8.739144904E-01
 9.633089868E-01 1.055200329E+00 1.149487565E+00 1.246062793E+00 1.344811387E+00
 1.445605714E+00 1.548307547E+00 1.652781909E+00 1.758930962E+00 1.866426225E+00
 4.026996862E-01 3.504842537E-01 2.998799584E-01 2.512117981E-01 2.045137415E-01
 1.598589183E-01 1.173096984E-01 7.691048894E-02 3.870528507E-02 2.611575752E-03
-3.183163286E-02-6.514123526E-02-9.739831615E-02-1.285592023E-01-1.585191381E-01
-1.871075690E-01-2.141066048E-01-2.392878083E-01-2.624290897E-01-2.833192196E-01
-3.017550597E-01-3.175410358E-01-3.304912496E-01-3.404211788E-01-3.471653260E-01
-3.505752279E-01-3.504840133E-01-3.467557007E-01-3.392913288E-01-3.279653420E-01
-3.126897522E-01-2.933927507E-01-2.700082145E-01-2.425171240E-01-2.109016059E-01
-1.751285958E-01-1.351221245E-01-9.076457466E-02-4.169448628E-02 1.264469962E-02
 7.162508048E-02 1.348100395E-01 2.017133317E-01 2.719899814E-01 3.455067702E-01
 4.221122806E-01 5.016696329E-01 5.840891357E-01 6.693152787E-01 7.573004294E-01
 8.479690064E-01 9.412123392E-01 1.036912562E+00 1.134942502E+00 1.235159979E+00
 1.337413193E+00 1.441545036E+00 1.547401770E+00 1.654867449E+00 1.763615309E+00
 3.818459105E-01 3.277680425E-01 2.752622320E-01 2.246524535E-01 1.759818789E-01
 1.293345523E-01 8.479413234E-02 4.244859038E-02 2.271448831E-03-3.629290714E-02
-7.393903628E-02-1.108145646E-01-1.468496820E-01-1.819095466E-01-2.157780464E-01
-2.482091628E-01-2.789597722E-01-3.078004688E-01-3.345075475E-01-3.588636333E-01
-3.806616412E-01-3.996993282E-01-4.157849285E-01-4.287300386E-01-4.383549187E-01
-4.445053590E-01-4.470208284E-01-4.457409255E-01-4.405652647E-01-4.313680038E-01
-4.180479075E-01-4.005303293E-01-3.787384533E-01-3.526312507E-01-3.221809133E-01
-2.874111738E-01-2.483749663E-01-2.050703920E-01-1.574460310E-01-1.054076309E-01
-4.869972740E-02 1.326583245E-02 7.970085656E-02 1.501250908E-01 2.240859943E-01
 3.012878613E-01 3.816332067E-01 4.650459699E-01 5.514505794E-01 6.407534923E-01
 7.328358808E-01 8.275688561E-01 9.248106921E-01 1.024401825E+00 1.126172366E+00
 1.229947539E+00 1.335548632E+00 1.442805309E+00 1.551593293E+00 1.661597160E+00
 3.622578750E-01 3.063138462E-01 2.518972685E-01 1.993340016E-01 1.486761387E-01
 1.000199433E-01 5.348775454E-02 9.146617557E-03-3.349680172E-02-7.537606143E-02
-1.167433338E-01-1.575249602E-01-1.975603881E-01-2.366033741E-01-2.743874110E-01
-3.106613846E-01-3.451847684E-01-3.777220551E-01-4.080474419E-01-4.359376152E-01
-4.611741150E-01-4.835489874E-01-5.028590571E-01-5.189118586E-01-5.315165352E-01
-5.405038944E-01-5.457180716E-01-5.469848803E-01-5.441888457E-01-5.372098727E-01
-5.259341326E-01-5.102838009E-01-4.901765183E-01-4.655630264E-01-4.364119856E-01
-4.027414824E-01-3.645605818E-01-3.218765003E-01-2.747744957E-01-2.233390038E-01
-1.675716441E-01-1.074394934E-01-4.267291906E-02 2.736736413E-02 1.016953751E-01
 1.797675429E-01 2.611747186E-01 3.457953899E-01 4.335569612E-01 5.243397745E-01
 6.179984276E-01 7.143725292E-01 8.132821386E-01 9.145353870E-01 1.017934347E+00
 1.123279399E+00 1.230376063E+00 1.339050194E+00 1.449175238E+00 1.560442662E+00
 3.438598447E-01 2.860565533E-01 2.297193915E-01 1.751757792E-01 1.224955250E-01
 7.180374281E-02 2.324658710E-02-2.343583670E-02-6.935906045E-02-1.149943399E-01
-1.603013082E-01-2.051035524E-01-2.491393120E-01-2.921328102E-01-3.338197371E-01
-3.739447459E-01-4.122641674E-01-4.485387725E-01-4.825315124E-01-5.140132140E-01
-5.427569004E-01-5.685413534E-01-5.911553645E-01-6.103951924E-01-6.260637515E-01
-6.379736307E-01-6.459633624E-01-6.498588638E-01-6.495160891E-01-6.448220548E-01
-6.356507768E-01-6.219187192E-01-6.035390053E-01-5.804573650E-01-5.526431508E-01
-5.201127496E-01-4.828524434E-01-4.408747808E-01-3.942395597E-01-3.429959931E-01
-2.872787057E-01-2.272841760E-01-1.630401842E-01-9.440800918E-02-2.094930992E-02
 5.762796967E-02 1.402701214E-01 2.263788277E-01 3.157106801E-01 4.081610027E-01
 5.035741581E-01 6.017410201E-01 7.024405820E-01 8.054470565E-01 9.105349774E-01
 1.017490458E+00 1.126117172E+00 1.236237167E+00 1.347706913E+00 1.460218051E+00
 3.266174185E-01 2.669421103E-01 2.086736494E-01 1.521269939E-01 9.738369328E-02
 4.462165319E-02-6.147414793E-03-5.588173798E-02-1.054812146E-01-1.550187598E-01
-2.043157994E-01-2.531043426E-01-3.010930357E-01-3.480056466E-01-3.935815252E-01
-4.375647425E-01-4.796997819E-01-5.197396298E-01-5.574408961E-01-5.925619688E-01
-6.248677493E-01-6.541258465E-01-6.801119100E-01-7.026098124E-01-7.214138341E-01
-7.363222571E-01-7.471565505E-01-7.537472156E-01-7.559204747E-01-7.535637152E-01
-7.465418018E-01-7.347625226E-01-7.181335682E-01-6.965951792E-01-6.701178019E-01
-6.387148858E-01-6.023588808E-01-5.610774757E-01-5.149124081E-01-4.639066439E-01
-4.081888740E-01-3.478938227E-01-2.832037359E-01-2.143409214E-01-1.413066488E-01
-6.371943787E-02 1.924434528E-02 1.067588781E-01 1.979808722E-01 2.923599554E-01
 3.897067574E-01 4.898127730E-01 5.924147709E-01 6.972542988E-01 8.040938261E-01
 9.127160143E-01 1.022913112E+00 1.134486045E+00 1.247263284E+00 1.360945193E+00
 3.105766770E-01 2.489910536E-01 1.887521400E-01 1.301640519E-01 7.333031318E-02
 1.840008154E-02-3.502086324E-02-8.824526820E-02-1.416525536E-01-1.951083849E-01
-2.483427766E-01-3.010482462E-01-3.529385208E-01-4.037408772E-01-4.531889524E-01
-5.010210651E-01-5.469798196E-01-5.908048952E-01-6.322423278E-01-6.710421263E-01
-7.069563557E-01-7.397422635E-01-7.691608047E-01-7.949829917E-01-8.169876149E-01
-8.349630726E-01-8.487087626E-01-8.580492892E-01-8.627957184E-01-8.628183194E-01
-8.579775895E-01-8.481704188E-01-8.332980642E-01-8.132957131E-01-7.881354288E-01
-7.578237842E-01-7.223281731E-01-6.816882106E-01-6.359308383E-01-5.851191830E-01
-5.293757685E-01-4.688235608E-01-4.036497051E-01-3.340535472E-01-2.602418253E-01
-1.823149765E-01-9.991708110E-02-1.235348243E-02 8.043799127E-02 1.770483912E-01
 2.765725244E-01 3.787562202E-01 4.833664300E-01 5.901337755E-01 6.988064770E-01
 8.091445476E-01 9.209114787E-01 1.033886280E+00 1.147890415E+00 1.262661452E+00
 2.958210412E-01 2.322782507E-01 1.700172231E-01 1.093352872E-01 5.036783134E-02
-6.887056905E-03-6.345796628E-02-1.203272799E-01-1.775361985E-01-2.348330003E-01
-2.919094560E-01-3.484631268E-01-4.042011464E-01-4.588496957E-01-5.121404487E-01
-5.638054606E-01-6.135774623E-01-6.611936041E-01-7.063865481E-01-7.488932693E-01
-7.884554009E-01-8.248170150E-01-8.577260019E-01-8.869349217E-01-9.122074405E-01
-9.333160976E-01-9.500414161E-01-9.621866549E-01-9.695607477E-01-9.719995062E-01
-9.693631338E-01-9.615344528E-01-9.484075779E-01-9.299136708E-01-9.060274454E-01
-8.767451414E-01-8.420428771E-01-8.019622626E-01-7.565269714E-01-7.058296162E-01
-6.499809906E-01-5.891438841E-01-5.235165833E-01-4.532811240E-01-3.785873730E-01
-2.995352927E-01-2.162196956E-01-1.285024328E-01-3.579549623E-02 6.240573835E-02
 1.643251765E-01 2.688051466E-01 3.755587740E-01 4.843582351E-01 5.949176568E-01
 7.069609363E-01 8.202385057E-01 9.345438844E-01 1.049728105E+00 1.165568874E+00
 2.824301908E-01 2.168952925E-01 1.525668996E-01 8.974079694E-02 2.854062775E-02
-3.132135012E-02-9.126869328E-02-1.517922917E-01-2.127265424E-01-2.737584254E-01
-3.345735897E-01-3.948782112E-01-4.543911565E-01-5.128329023E-01-5.699195839E-01
-6.253827503E-01-6.789491452E-01-7.303443108E-01-7.792970089E-01-8.255318092E-01
-8.687749035E-01-9.087573755E-01-9.452126423E-01-9.778765438E-01-1.006490412E+00
-1.030806290E+00-1.050586256E+00-1.065604354E+00-1.075660773E+00-1.080554476E+00
-1.080142615E+00-1.074288753E+00-1.062879865E+00-1.045844349E+00-1.023161302E+00
-9.948152364E-01-9.608052730E-01-9.211668330E-01-8.759450051E-01-8.252472078E-01
-7.692096330E-01-7.080366279E-01-6.419352778E-01-5.710753457E-01-4.955296382E-01
-4.153335495E-01-3.305931277E-01-2.415186793E-01-1.482187258E-01-5.014894444E-02
 5.330777406E-02 1.602685915E-01 2.693655387E-01 3.802495817E-01 4.926752924E-01
 6.063715047E-01 7.211152616E-01 8.367290385E-01 9.530805368E-01 1.069979198E+00
 2.704607103E-01 2.029161291E-01 1.364906363E-01 7.148826983E-02 7.952619240E-03
-5.482006747E-02-1.181734039E-01-1.822605283E-01-2.467938939E-01-3.114416957E-01
-3.758895036E-01-4.398439177E-01-5.030293139E-01-5.651694864E-01-6.259873293E-01
-6.851973766E-01-7.425167954E-01-7.976685323E-01-8.503701488E-01-9.003395076E-01
-9.472920032E-01-9.909404113E-01-1.031001681E+00-1.067193792E+00-1.099235212E+00
-1.126850957E+00-1.149775301E+00-1.167754278E+00-1.180557214E+00-1.187958493E+00
-1.189793517E+00-1.185904334E+00-1.176170607E+00-1.160518262E+00-1.138933343E+00
-1.111393399E+00-1.077928170E+00-1.038571613E+00-9.934107210E-01-9.425685814E-01
-8.862457236E-01-8.246734616E-01-7.580491890E-01-6.864595281E-01-6.099335706E-01
-5.285498325E-01-4.424528737E-01-3.518480964E-01-2.570191627E-01-1.581816654E-01
-5.481553319E-02 5.365953603E-02 1.651525540E-01 2.781712045E-01 3.924269993E-01
 5.077488983E-01 6.239385153E-01 7.408404972E-01 8.583453515E-01 9.762970255E-01
 2.598918389E-01 1.903665130E-01 1.218510610E-01 5.465814201E-02-1.128688812E-02
-7.714480674E-02-1.438501236E-01-2.113585500E-01-2.793363961E-01-3.474488880E-01
-4.153908867E-01-4.828770996E-01-5.496260785E-01-6.153554469E-01-6.797930800E-01
-7.426601345E-01-8.036732778E-01-8.625348422E-01-9.189607609E-01-9.726594687E-01
-1.023335493E+00-1.070692606E+00-1.114424775E+00-1.154228383E+00-1.189797576E+00
-1.220824142E+00-1.247006693E+00-1.268054544E+00-1.283691205E+00-1.293669551E+00
-1.297779210E+00-1.295843160E+00-1.287730376E+00-1.273362391E+00-1.252734447E+00
-1.225830381E+00-1.192708281E+00-1.153427297E+00-1.108115036E+00-1.056963836E+00
-1.000233420E+00-9.381555128E-01-8.708358943E-01-7.983030426E-01-7.206374546E-01
-6.379892937E-01-5.505463345E-01-4.585080297E-01-3.621114318E-01-2.617121812E-01
-1.576422534E-01-4.942356587E-02 6.343111704E-02 1.785958665E-01 2.947066471E-01
 4.116155787E-01 5.292223773E-01 6.473954496E-01 7.660430365E-01 8.850438260E-01
 2.506329597E-01 1.792003085E-01 1.086518572E-01 3.927151194E-02-2.917734852E-02
-9.807556945E-02-1.679850761E-01-2.387293367E-01-3.099636617E-01-3.813633351E-01
-4.526325960E-01-5.234876353E-01-5.936478602E-01-6.628370997E-01-7.307770848E-01
-7.971815625E-01-8.617738216E-01-9.242679721E-01-9.843693531E-01-1.041770087E+00
-1.096173116E+00-1.147264554E+00-1.194728179E+00-1.238229538E+00-1.277431884E+00
-1.311989874E+00-1.341553130E+00-1.365779976E+00-1.384346706E+00-1.396964764E+00
-1.403374323E+00-1.403379950E+00-1.396832988E+00-1.383646384E+00-1.363821366E+00
-1.337362331E+00-1.304344075E+00-1.264886648E+00-1.219185183E+00-1.167537842E+00
-1.110226471E+00-1.047390600E+00-9.790690995E-01-9.053530393E-01-8.264017975E-01
-7.424003758E-01-6.535407003E-01-5.600544817E-01-4.622351552E-01-3.604400732E-01
-2.551241494E-01-1.466106263E-01-3.427295830E-02 8.216713371E-02 2.001507821E-01
 3.186455996E-01 4.376308645E-01 5.570540867E-01 6.768439995E-01 7.969071302E-01
 2.425428777E-01 1.693224462E-01 9.684895587E-02 2.534137135E-02-4.561760868E-02
-1.173939516E-01-1.902906328E-01-2.640403839E-01-3.383044134E-01-4.127746244E-01
-4.871635603E-01-5.611890175E-01-6.345727808E-01-7.070404223E-01-7.783139783E-01
-8.481143024E-01-9.161610928E-01-9.821618785E-01-1.045832462E+00-1.106876028E+00
-1.164974445E+00-1.219804589E+00-1.271028398E+00-1.318288430E+00-1.361201311E+00
-1.399369583E+00-1.432384778E+00-1.459844797E+00-1.481375527E+00-1.496638651E+00
-1.505340815E+00-1.507260760E+00-1.502229411E+00-1.490148671E+00-1.471012682E+00
-1.444847924E+00-1.411738328E+00-1.371874952E+00-1.325586969E+00-1.273235184E+00
-1.215026596E+00-1.151036640E+00-1.081386541E+00-1.006258474E+00-9.258416217E-01
-8.403365103E-01-7.499968616E-01-6.551348271E-01-5.561015471E-01-4.532590651E-01
-3.469799724E-01-2.377010232E-01-1.255604728E-01-9.668039290E-03 1.095688687E-01
 2.296675553E-01 3.500227985E-01 4.706779966E-01 5.916044769E-01 7.127330419E-01
 2.354831065E-01 1.606327497E-01 8.638257386E-02 1.287246649E-02-6.048032996E-02
-1.349011464E-01-2.105123378E-01-2.869952784E-01-3.640224902E-01-4.412990364E-01
-5.185459969E-01-5.954903027E-01-6.718607933E-01-7.473835198E-01-8.217799715E-01
-8.947741031E-01-9.660894625E-01-1.035443029E+00-1.102549184E+00-1.167103729E+00
-1.228802347E+00-1.287316233E+00-1.342267292E+00-1.393265999E+00-1.439868369E+00
-1.481610141E+00-1.518023017E+00-1.548651381E+00-1.573071661E+00-1.590903614E+00
-1.601825890E+00-1.605585847E+00-1.601998780E+00-1.590958930E+00-1.572444132E+00
-1.546490570E+00-1.513207864E+00-1.472880968E+00-1.425917052E+00-1.372598686E+00
-1.313076513E+00-1.247552027E+00-1.176272295E+00-1.099467122E+00-1.017386277E+00
-9.303276643E-01-8.386295016E-01-7.426392679E-01-6.426907677E-01-5.391084194E-01
-4.322117928E-01-3.223395925E-01-2.098910943E-01-9.470604863E-02 2.432893975E-02
 1.457006019E-01 2.674404802E-01 3.893023543E-01 5.113495009E-01 6.335424988E-01
 2.293288989E-01 1.530517188E-01 7.722973068E-02 1.918418102E-03-7.361522518E-02
-1.503947012E-01-2.284147938E-01-3.073292477E-01-3.868177970E-01-4.665960157E-01
-5.463952052E-01-6.259529807E-01-7.050063906E-01-7.832881916E-01-8.605285966E-01
-9.364577554E-01-1.010801254E+00-1.083277946E+00-1.153606344E+00-1.221493617E+00
-1.286627323E+00-1.348653876E+00-1.407183544E+00-1.461763955E+00-1.511881585E+00
-1.557015047E+00-1.596644163E+00-1.630265318E+00-1.657409539E+00-1.677657450E+00
-1.690653604E+00-1.696116606E+00-1.693852855E+00-1.683752718E+00-1.665783692E+00
-1.639987511E+00-1.606548491E+00-1.565836289E+00-1.518132987E+00-1.463588636E+00
-1.402465384E+00-1.335128817E+00-1.261954471E+00-1.183325845E+00-1.099632949E+00
-1.011244951E+00-9.184912559E-01-8.216782947E-01-7.210932227E-01-6.170153300E-01
-5.097278996E-01-3.995154214E-01-2.867107114E-01-1.716412655E-01-5.371554561E-02
 6.810267437E-02 1.911154994E-01 3.141769594E-01 4.373267782E-01 5.605846485E-01
 2.240783707E-01 1.465867873E-01 6.942562388E-02-7.425640762E-03-8.484917790E-02
-1.636438009E-01-2.437215982E-01-3.247298998E-01-4.063529215E-01-4.883111311E-01
-5.703397812E-01-6.521798124E-01-7.335731088E-01-8.142619281E-01-8.939895827E-01
-9.724998588E-01-1.049530904E+00-1.124812187E+00-1.198066586E+00-1.269000262E+00
-1.337286849E+00-1.402557632E+00-1.464372053E+00-1.522209757E+00-1.575525539E+00
-1.623746744E+00-1.666306524E+00-1.702654939E+00-1.732277508E+00-1.754713361E+00
-1.769571661E+00-1.776545518E+00-1.775430188E+00-1.766116473E+00-1.748576254E+00
-1.722899001E+00-1.689375244E+00-1.648257183E+00-1.599629962E+00-1.543718463E+00
-1.480912736E+00-1.411731670E+00-1.336773446E+00-1.256598055E+00-1.171651534E+00
-1.082282159E+00-9.887743499E-01-8.913881765E-01-7.903718322E-01-6.859708738E-01
-5.784381848E-01-4.680310305E-01-3.550191558E-01-2.397529537E-01-1.222503763E-01
-1.289743930E-03 1.225774684E-01 2.468564513E-01 3.710996521E-01 4.954081667E-01
 2.198334598E-01 1.413462860E-01 6.308436534E-02-1.503969775E-02-9.399789875E-02
-1.744248548E-01-2.561764329E-01-3.389001138E-01-4.222851515E-01-5.060556927E-01
-5.899489270E-01-6.737075828E-01-7.570770190E-01-8.398043941E-01-9.216388095E-01
-1.002331378E+00-1.081632177E+00-1.159286508E+00-1.235031482E+00-1.308583410E+00
-1.379609399E+00-1.447699676E+00-1.512354277E+00-1.573013386E+00-1.629095192E+00
-1.679989492E+00-1.725096393E+00-1.763816819E+00-1.795593684E+00-1.819920647E+00
-1.836368248E+00-1.844607152E+00-1.844421385E+00-1.835707158E+00-1.818470567E+00
-1.792898742E+00-1.759203670E+00-1.717416468E+00-1.667715679E+00-1.610493474E+00
-1.546319093E+00-1.475837405E+00-1.399697696E+00-1.318490674E+00-1.232688825E+00
-1.142636491E+00-1.048600319E+00-9.508133357E-01-8.494934098E-01-7.448584217E-01
-6.371352884E-01-5.265606831E-01-4.133779872E-01-2.978717291E-01-1.803594575E-01
-6.028844736E-02 6.379372275E-02 1.890884697E-01 3.143656818E-01 4.396451890E-01
 2.167603610E-01 1.374994577E-01 5.838013641E-02-2.073842385E-02-1.008678805E-01
-1.825411762E-01-2.655749809E-01-3.496165216E-01-4.343587866E-01-5.195291358E-01
-6.048678551E-01-6.901212647E-01-7.750392229E-01-8.593741565E-01-9.428808385E-01
-1.025315954E+00-1.106436233E+00-1.185994921E+00-1.263734446E+00-1.339370580E+00
-1.412561251E+00-1.482870749E+00-1.549773890E+00-1.612689498E+00-1.670994837E+00
-1.724046007E+00-1.771206585E+00-1.811848652E+00-1.845370160E+00-1.871216825E+00
-1.888922952E+00-1.898135855E+00-1.898633555E+00-1.890331456E+00-1.873291144E+00
-1.847664403E+00-1.813475157E+00-1.770897524E+00-1.720379971E+00-1.662463787E+00
-1.597702791E+00-1.526672867E+00-1.449970407E+00-1.368186276E+00-1.281834855E+00
-1.191297872E+00-1.096851115E+00-9.987188864E-01-8.971081128E-01-7.922251836E-01
-6.842841357E-01-5.735102471E-01-4.601369774E-01-3.444209192E-01-2.267054091E-01
-1.068453751E-01 1.666746249E-02 1.426035488E-01 2.687668695E-01 3.948422113E-01
 2.150312864E-01 1.352224117E-01 5.549714306E-02-2.432062362E-02-1.052578208E-01
-1.877895503E-01-2.717089906E-01-3.566631154E-01-4.423470374E-01-5.284898427E-01
-6.148337301E-01-7.011274539E-01-7.871239527E-01-8.725795240E-01-9.572536545E-01
-1.040908585E+00-1.123307656E+00-1.204211020E+00-1.283365814E+00-1.360485391E+00
-1.435212430E+00-1.507087135E+00-1.575562745E+00-1.640038631E+00-1.699881080E+00
-1.754439401E+00-1.803054664E+00-1.845065272E+00-1.879818830E+00-1.906729175E+00
-1.925303877E+00-1.935168809E+00-1.936097816E+00-1.928029166E+00-1.911031219E+00
-1.885110827E+00-1.850538200E+00-1.807753863E+00-1.757195257E+00-1.699298532E+00
-1.634521464E+00-1.563376335E+00-1.486433234E+00-1.404292350E+00-1.317519930E+00
-1.226561265E+00-1.131725829E+00-1.033246795E+00-9.313308057E-01-8.261814657E-01
-7.180094643E-01-6.070362491E-01-4.934921075E-01-3.776210977E-01-2.597290603E-01
-1.399283591E-01-1.714652781E-02 1.091323831E-01 2.358925599E-01 3.624877726E-01
 2.147957396E-01 1.346610521E-01 5.457838607E-02-2.564309776E-02-1.070304244E-01
-1.900361728E-01-2.744444448E-01-3.599018062E-01-4.461038898E-01-5.327801303E-01
-6.196731849E-01-7.065325865E-01-7.931124936E-01-8.791709799E-01-9.644699621E-01
-1.048774851E+00-1.131852833E+00-1.213468083E+00-1.293370775E+00-1.371273311E+00
-1.446809582E+00-1.519506687E+00-1.588806933E+00-1.654101687E+00-1.714751491E+00
-1.770095492E+00-1.819457501E+00-1.862156825E+00-1.897530286E+00-1.924972587E+00
-1.943972331E+00-1.954145683E+00-1.955258262E+00-1.947218217E+00-1.930147888E+00
-1.904322851E+00-1.870022462E+00-1.827550945E+00-1.777247204E+00-1.719498461E+00
-1.654752227E+00-1.583523730E+00-1.506392621E+00-1.423980955E+00-1.336894893E+00
-1.245627529E+00-1.150518256E+00-1.051811144E+00-9.497145161E-01-8.444304463E-01
-7.361671339E-01-6.251432282E-01-5.115866277E-01-3.957342817E-01-2.778719692E-01
-1.582371282E-01-3.599189523E-02 9.021915377E-02 2.171311485E-01 3.438719876E-01
 2.161306249E-01 1.358887622E-01 5.569244952E-02-2.464302873E-02-1.061309771E-01
-1.892336885E-01-2.737397385E-01-3.592948488E-01-4.455935385E-01-5.323643411E-01
-6.193490479E-01-7.062963340E-01-7.929595355E-01-8.790959748E-01-9.644669070E-01
-1.048837174E+00-1.131973474E+00-1.213639561E+00-1.293585283E+00-1.371522805E+00
-1.447085723E+00-1.519800712E+00-1.589110048E+00-1.654405853E+00-1.715048235E+00
-1.770374594E+00-1.819708926E+00-1.862372250E+00-1.897707267E+00-1.925106225E+00
-1.944056133E+00-1.954176969E+00-1.955236663E+00-1.947145992E+00-1.930028846E+00
-1.904161031E+00-1.869831600E+00-1.827339676E+00-1.777023956E+00-1.719275349E+00
-1.654544755E+00-1.583349280E+00-1.506269689E+00-1.423928918E+00-1.336933686E+00
-1.245777936E+00-1.150802239E+00-1.052251929E+00-9.503365010E-01-8.452590651E-01
-7.372287260E-01-6.264648596E-01-5.131959326E-01-3.976585169E-01-2.801361804E-01
-1.608844740E-01-3.909549052E-02 8.672013644E-02 2.133072546E-01 3.397488298E-01
 2.189889224E-01 1.388656818E-01 5.880723262E-02-2.134534055E-02-1.025775904E-01
-1.853946082E-01-2.696029954E-01-3.548469856E-01-4.408180849E-01-5.272424579E-01
-6.138595819E-01-7.004155823E-01-7.866608613E-01-8.723493353E-01-9.572384326E-01
-1.041088789E+00-1.123662631E+00-1.204719416E+00-1.284006029E+00-1.361235528E+00
-1.436048919E+00-1.507983370E+00-1.576489809E+00-1.640969899E+00-1.700794368E+00
-1.755306690E+00-1.803838161E+00-1.845737500E+00-1.880367772E+00-1.907135631E+00
-1.925555459E+00-1.935258469E+00-1.936024897E+00-1.927802387E+00-1.910662745E+00
-1.884606317E+00-1.849921366E+00-1.807058092E+00-1.756460772E+00-1.698560959E+00
-1.633824650E+00-1.562771384E+00-1.485974972E+00-1.404037856E+00-1.317529466E+00
-1.226898160E+00-1.132456800E+00-1.034442289E+00-9.330645808E-01-8.285302560E-01
-7.210527283E-01-6.108556548E-01-4.981710105E-01-3.832413697E-01-2.663643521E-01
-1.477166919E-01-2.632219446E-02 9.883417465E-02 2.246448356E-01 3.503481663E-01
 2.232509683E-01 1.434766913E-01 6.381197793E-02-1.585934682E-02-9.647440852E-02
-1.786197032E-01-2.621341145E-01-3.466596008E-01-4.318825179E-01-5.175249397E-01
-6.033225622E-01-6.890175694E-01-7.743559350E-01-8.590861891E-01-9.429592194E-01
-1.025728160E+00-1.107147285E+00-1.186968602E+00-1.264933627E+00-1.340755622E+00
-1.414088317E+00-1.484492932E+00-1.551438471E+00-1.614334730E+00-1.672577178E+00
-1.725537205E+00-1.772547556E+00-1.813005567E+00-1.846308779E+00-1.871908673E+00
-1.889344943E+00-1.898274334E+00-1.898488093E+00-1.889911052E+00-1.872626246E+00
-1.846791867E+00-1.812381275E+00-1.769628750E+00-1.719022608E+00-1.661090503E+00
-1.596390563E+00-1.525500090E+00-1.449019962E+00-1.367547826E+00-1.281608730E+00
-1.191593548E+00-1.097783665E+00-1.000408739E+00-8.996818608E-01-7.958150746E-01
-6.890265124E-01-5.795441801E-01-4.676031194E-01-3.534561465E-01-2.374353479E-01
-1.195007778E-01 1.748479735E-03 1.259104705E-01 2.505338326E-01 3.751435757E-01
 2.287785592E-01 1.495805517E-01 7.055882680E-02-8.347965653E-03-8.798573917E-02
-1.690775742E-01-2.515099155E-01-3.349212961E-01-4.189910025E-01-5.034349341E-01
-5.879831160E-01-6.723720523E-01-7.563419477E-01-8.396350212E-01-9.219940940E-01
-1.003162332E+00-1.082883462E+00-1.160900067E+00-1.236946665E+00-1.310733856E+00
-1.381925957E+00-1.450120822E+00-1.514827202E+00-1.575462451E+00-1.631434775E+00
-1.682177615E+00-1.727061640E+00-1.765504185E+00-1.796954199E+00-1.820921431E+00
-1.836962792E+00-1.844781717E+00-1.844172908E+00-1.835038468E+00-1.817413510E+00
-1.791517522E+00-1.757560014E+00-1.715509751E+00-1.665582031E+00-1.608255285E+00
-1.544131062E+00-1.473827502E+00-1.397984184E+00-1.317197215E+00-1.231944906E+00
-1.142586652E+00-1.049401477E+00-9.526307321E-01-8.525055154E-01-7.492559721E-01
-6.431150727E-01-5.343225480E-01-4.231225071E-01-3.097903742E-01-1.946763849E-01
-7.737992924E-02 4.382912974E-02 1.667774063E-01 2.899393931E-01 4.131978070E-01
 2.354286130E-01 1.570278147E-01 7.888959370E-02 1.015609831E-03-7.729490315E-02
-1.569574856E-01-2.379272714E-01-3.198421086E-01-4.023729510E-01-4.852276195E-01
-5.681288755E-01-6.508054606E-01-7.329889092E-01-8.144127265E-01-8.948118938E-01
-9.739216974E-01-1.051475426E+00-1.127203076E+00-1.200831381E+00-1.272066823E+00
-1.340570498E+00-1.405958744E+00-1.467797038E+00-1.525592187E+00-1.578758706E+00
-1.626750718E+00-1.669000076E+00-1.704955563E+00-1.734100358E+00-1.756044574E+00
-1.770353436E+00-1.776747829E+00-1.775043503E+00-1.765139606E+00-1.747036787E+00
-1.720850557E+00-1.686931024E+00-1.645507408E+00-1.596598229E+00-1.540446871E+00
-1.477538855E+00-1.408460072E+00-1.333820523E+00-1.254148733E+00-1.169875962E+00
-1.081357810E+00-9.888980792E-01-8.927709063E-01-7.932422394E-01-6.905742553E-01
-5.850262398E-01-4.768592667E-01-3.663433196E-01-2.538203038E-01-1.394622899E-01
-2.219661056E-02 9.855408226E-02 2.200410385E-01 3.416192860E-01 4.633773709E-01
 2.431127194E-01 1.657243780E-01 8.870600007E-02 1.213063692E-02-6.456071734E-02
-1.424538482E-01-2.216095493E-01-3.016801899E-01-3.823238011E-01-4.632366490E-01
-5.441330533E-01-6.247343905E-01-7.047654736E-01-7.839515666E-01-8.620179668E-01
-9.386922482E-01-1.013694516E+00-1.086730004E+00-1.157505347E+00-1.225725756E+00
-1.291087813E+00-1.353254116E+00-1.411798765E+00-1.466280592E+00-1.516185188E+00
-1.561002808E+00-1.600206471E+00-1.633294579E+00-1.659822585E+00-1.679396630E+00
-1.691657401E+00-1.696347554E+00-1.693294052E+00-1.682395510E+00-1.663658075E+00
-1.637145486E+00-1.603075385E+00-1.561895618E+00-1.513844325E+00-1.459011413E+00
-1.397668191E+00-1.330262171E+00-1.257248086E+00-1.179053494E+00-1.096073309E+00
-1.008656335E+00-9.171260946E-01-8.217934373E-01-7.229642246E-01-6.209388482E-01
-5.160113922E-01-4.084748722E-01-2.986609716E-01-1.869387953E-01-7.288326276E-02
 4.488950359E-02 1.644156358E-01 2.842052111E-01 4.041917770E-01 5.244019003E-01
 2.518330814E-01 1.756548082E-01 9.996125325E-02 2.489481932E-02-4.995237576E-02
-1.257850950E-01-2.028159405E-01-2.807364187E-01-3.591903282E-01-4.378601634E-01
-5.164506976E-01-5.946750626E-01-6.722515752E-01-7.488944448E-01-8.243075907E-01
-8.981973041E-01-9.702787826E-01-1.040266788E+00-1.107884280E+00-1.172835515E+00
-1.234786231E+00-1.293407784E+00-1.348336062E+00-1.399170374E+00-1.445472994E+00
-1.486778111E+00-1.522644900E+00-1.552575320E+00-1.576188211E+00-1.593138628E+00
-1.603106938E+00-1.605862614E+00-1.601244839E+00-1.589163865E+00-1.569633673E+00
-1.542703931E+00-1.508527593E+00-1.467450956E+00-1.419937438E+00-1.366211627E+00
-1.306384177E+00-1.240665763E+00-1.169358609E+00-1.092787084E+00-1.011263784E+00
-9.251232539E-01-8.347109764E-01-7.403613893E-01-6.424034464E-01-5.411652453E-01
-4.369738838E-01-3.301800363E-01-2.212019626E-01-1.100059641E-01 4.572493385E-03
 1.218527563E-01 2.397277307E-01 3.578198674E-01 4.762143334E-01 5.948681153E-01
 2.616817490E-01 1.868718082E-01 1.126565814E-01 3.923572737E-02-3.363787222E-02
-1.071898568E-01-1.818423073E-01-2.573610328E-01-3.333788435E-01-4.095618916E-01
-4.856005904E-01-5.611891830E-01-6.360252731E-01-7.098153080E-01-7.822708131E-01
-8.531068174E-01-9.220498821E-01-9.888059192E-01-1.053061546E+00-1.114512777E+00
-1.172860393E+00-1.227764850E+00-1.278896307E+00-1.325901488E+00-1.368385750E+00
-1.405945866E+00-1.438283902E+00-1.464873220E+00-1.485356496E+00-1.499486926E+00
-1.506979851E+00-1.507623572E+00-1.501275439E+00-1.487862081E+00-1.467400885E+00
-1.439949974E+00-1.405644878E+00-1.364701993E+00-1.317524562E+00-1.264501952E+00
-1.205784224E+00-1.141434941E+00-1.071594646E+00-9.964894806E-01-9.163975581E-01
-8.316058247E-01-7.424167300E-01-6.491710046E-01-5.522265486E-01-4.519350101E-01
-3.486597189E-01-2.428331773E-01-1.346651821E-01-2.332416796E-02 9.141885043E-02
 2.071771861E-01 3.232283803E-01 4.396437581E-01 5.564304667E-01 6.735163414E-01
 2.727466222E-01 1.994165979E-01 1.267833691E-01 5.507640537E-02-1.580734944E-02
-8.693602195E-02-1.590251781E-01-2.319491322E-01-3.053293144E-01-3.788030522E-01
-4.520426097E-01-5.247405516E-01-5.965999729E-01-6.673343677E-01-7.366677064E-01
-8.043019405E-01-8.699300104E-01-9.332532401E-01-9.939866225E-01-1.051815706E+00
-1.106443764E+00-1.157554437E+00-1.204833484E+00-1.247948030E+00-1.286527333E+00
-1.320356330E+00-1.348968595E+00-1.372102635E+00-1.389392016E+00-1.400598151E+00
-1.405493804E+00-1.403899592E+00-1.395697086E+00-1.380826468E+00-1.359307231E+00
-1.331205719E+00-1.296599019E+00-1.255668575E+00-1.208659334E+00-1.155927856E+00
-1.097764894E+00-1.034268153E+00-9.654929152E-01-8.915636568E-01-8.126835482E-01
-7.291163822E-01-6.411519298E-01-5.490898307E-01-4.532578231E-01-3.540374431E-01
-2.518810019E-01-1.470887475E-01-3.905802835E-02 7.269754961E-02 1.859644348E-01
 2.997072235E-01 4.139361023E-01 5.286435691E-01 6.437915383E-01 7.592945622E-01
 2.850880230E-01 2.133052911E-01 1.423066106E-01 7.231635551E-02 3.337630387E-03
-6.532489673E-02-1.347243750E-01-2.048789528E-01-2.754277943E-01-3.460008046E-01
-4.162657918E-01-4.859206674E-01-5.546783418E-01-6.222360687E-01-6.882894613E-01
-7.525409586E-01-8.147049567E-01-8.744855451E-01-9.315852390E-01-9.857166826E-01
-1.036575631E+00-1.083865898E+00-1.127318007E+00-1.166560504E+00-1.201273924E+00
-1.231382648E+00-1.256360929E+00-1.276013731E+00-1.290072560E+00-1.298312047E+00
-1.300547844E+00-1.296629831E+00-1.286460644E+00-1.269990821E+00-1.247232496E+00
-1.218243786E+00-1.183054031E+00-1.141822181E+00-1.094701268E+00-1.041948857E+00
-9.838748960E-01-9.207045697E-01-8.525214880E-01-7.793964030E-01-7.014602299E-01
-6.189137294E-01-5.320180305E-01-4.410745574E-01-3.464201002E-01-2.484495263E-01
-1.474283987E-01-4.290052377E-02 6.555832830E-02 1.758732258E-01 2.869107281E-01
 3.986289317E-01 5.110008833E-01 6.239511968E-01 7.374322476E-01 8.513360330E-01
 2.987122641E-01 2.284835655E-01 1.591031656E-01 9.079423748E-02 2.365063993E-02
-4.265795229E-02-1.093157196E-01-1.765724072E-01-2.441596718E-01-3.117188286E-01
-3.789161626E-01-4.454302336E-01-5.109504089E-01-5.751748997E-01-6.378131119E-01
-6.985817248E-01-7.571801849E-01-8.133260790E-01-8.667351243E-01-9.171170311E-01
-9.641809689E-01-1.007682338E+00-1.047324077E+00-1.082779751E+00-1.113746997E+00
-1.140121060E+00-1.161551404E+00-1.177779540E+00-1.188627318E+00-1.193899099E+00
-1.193439927E+00-1.187120470E+00-1.174856451E+00-1.156608351E+00-1.132374676E+00
-1.102205161E+00-1.066126988E+00-1.024228573E+00-9.766652799E-01-9.236105013E-01
-8.653235669E-01-8.020741155E-01-7.340466813E-01-6.613294353E-01-5.840171708E-01
-5.022567595E-01-4.162617525E-01-3.263306916E-01-2.328333041E-01-1.359062275E-01
-3.515369598E-02 6.969344676E-02 1.766370425E-01 2.845929350E-01 3.934669193E-01
 5.031976585E-01 6.136827331E-01 7.248417213E-01 8.366241232E-01 9.489033864E-01
 3.134706841E-01 2.447302601E-01 1.768995879E-01 1.102137907E-01 4.481763177E-02
-1.934138764E-02-8.327422283E-02-1.475719543E-01-2.121259896E-01-2.765918343E-01
-3.406125184E-01-4.038593736E-01-4.660264790E-01-5.268289871E-01-5.859688520E-01
-6.431602377E-01-6.981234764E-01-7.505792207E-01-8.002460074E-01-8.468452875E-01
-8.901476407E-01-9.298580300E-01-9.656312426E-01-9.973626012E-01-1.024621194E+00
-1.047370188E+00-1.065303767E+00-1.078189887E+00-1.085864018E+00-1.088164074E+00
-1.084966534E+00-1.076160547E+00-1.061668115E+00-1.041459506E+00-1.015520918E+00
-9.839004134E-01-9.466448319E-01-9.037695427E-01-8.554469673E-01-8.018145343E-01
-7.430800349E-01-6.794930760E-01-6.112885048E-01-5.386260593E-01-4.616097496E-01
-3.803741045E-01-2.951322450E-01-2.061269250E-01-1.132732240E-01-1.624583462E-02
 8.474831118E-02 1.879328327E-01 2.924050845E-01 3.980811166E-01 5.048735062E-01
 6.126415363E-01 7.212637856E-01 8.306468874E-01 9.407335222E-01 1.051382354E+00
 3.290257543E-01 2.616828094E-01 1.953173248E-01 1.301858261E-01 6.643148728E-02
 4.172301994E-03-5.713509214E-02-1.184699388E-01-1.799169141E-01-2.411900294E-01
-3.019384038E-01-3.618398171E-01-4.205877534E-01-4.778846089E-01-5.334491345E-01
-5.870064547E-01-6.382799024E-01-6.869933002E-01-7.328820055E-01-7.757184351E-01
-8.152492676E-01-8.511259089E-01-8.830848290E-01-9.110763123E-01-9.347310478E-01
-9.538960937E-01-9.683441458E-01-9.779057338E-01-9.824168637E-01-9.817306979E-01
-9.757419368E-01-9.643615769E-01-9.475165159E-01-9.251857262E-01-8.973471773E-01
-8.640497409E-01-8.253593805E-01-7.812654139E-01-7.319039004E-01-6.774398884E-01
-6.180348714E-01-5.539156203E-01-4.853119566E-01-4.124358227E-01-3.354593955E-01
-2.545580630E-01-1.697955770E-01-8.089399839E-02 1.261783025E-02 1.096628149E-01
 2.089666938E-01 3.098209910E-01 4.120905736E-01 5.156732224E-01 6.204393530E-01
 7.262734898E-01 8.330648623E-01 9.407115185E-01 1.049141155E+00 1.158191547E+00
 3.449773386E-01 2.789421602E-01 2.139537135E-01 1.502859116E-01 8.807380965E-02
 2.754393311E-02-3.141069328E-02-8.984561823E-02-1.481348757E-01-2.061392485E-01
-2.635521376E-01-3.200371289E-01-3.752877406E-01-4.290165798E-01-4.809526793E-01
-5.308214796E-01-5.783509745E-01-6.232902658E-01-6.654052500E-01-7.044352229E-01
-7.400932902E-01-7.721553137E-01-8.004044827E-01-8.246554651E-01-8.446951887E-01
-8.603171647E-01-8.713245126E-01-8.775656756E-01-8.789010334E-01-8.752035044E-01
-8.663707445E-01-8.523345071E-01-8.330285750E-01-8.084394260E-01-7.785404129E-01
-7.433815193E-01-7.030387372E-01-6.575222655E-01-6.068974197E-01-5.513679018E-01
-4.910818267E-01-4.262428963E-01-3.570907891E-01-2.838730110E-01-2.067575359E-01
-1.256500094E-01-4.027053491E-02 4.981252807E-02 1.430112342E-01 2.384075659E-01
 3.356167024E-01 4.344933268E-01 5.348743609E-01 6.365875300E-01 7.394988269E-01
 8.435059647E-01 9.485218435E-01 1.054464809E+00 1.161272027E+00 1.268766973E+00
 3.609436140E-01 2.961112692E-01 2.323815444E-01 1.700465277E-01 1.092532393E-01
 5.028400196E-02-6.666516099E-03-6.230907026E-02-1.174384789E-01-1.721161097E-01
-2.261085316E-01-2.791020221E-01-3.307918520E-01-3.808981822E-01-4.291470979E-01
-4.752708134E-01-5.190281400E-01-5.601790136E-01-5.984677528E-01-6.336080596E-01
-6.653558830E-01-6.936924218E-01-7.182339983E-01-7.388082908E-01-7.552430573E-01
-7.673182200E-01-7.748885400E-01-7.778098110E-01-7.759528644E-01-7.692160679E-01
-7.574939228E-01-7.407336459E-01-7.188779868E-01-6.919201589E-01-6.598313066E-01
-6.226628100E-01-5.804915525E-01-5.333669047E-01-4.813025932E-01-4.244987735E-01
-3.631520497E-01-2.974607431E-01-2.276705287E-01-1.538464323E-01-7.581086552E-02
 6.936514753E-03 9.356594184E-02 1.830892159E-01 2.748182812E-01 3.685171482E-01
 4.640515493E-01 5.612595180E-01 6.599744287E-01 7.600414029E-01 8.613220902E-01
 9.637011960E-01 1.067090032E+00 1.171420965E+00 1.276656044E+00 1.382627571E+00
 3.765225569E-01 3.127393843E-01 2.501007356E-01 1.889319221E-01 1.294159480E-01
 7.185144109E-02 1.660621112E-02-3.646208821E-02-8.847923327E-02-1.397831303E-01
-1.902698014E-01-2.396935554E-01-2.877549857E-01-3.341682457E-01-3.786677081E-01
-4.210176581E-01-4.609699259E-01-4.982615113E-01-5.326572949E-01-5.640531164E-01
-5.920941894E-01-6.165914252E-01-6.374006955E-01-6.542188376E-01-6.670055673E-01
-6.755499669E-01-6.796890958E-01-6.792925254E-01-6.742363819E-01-6.644373008E-01
-6.497929111E-01-6.302589625E-01-6.057873744E-01-5.763774359E-01-5.419991376E-01
-5.027048095E-01-4.585665227E-01-4.096710020E-01-3.560330307E-01-2.978258824E-01
-2.353247921E-01-1.685861209E-01-9.754388786E-02-2.193830312E-02 5.828809246E-02
 1.418463734E-01 2.280467289E-01 3.164922008E-01 4.070173225E-01 4.994658038E-01
 5.936743796E-01 6.894899326E-01 7.867731837E-01 8.853977486E-01 9.852436900E-01
 1.086196990E+00 1.188157202E+00 1.291048715E+00 1.394837559E+00 1.499367925E+00
 3.912184123E-01 3.282925107E-01 2.665671971E-01 2.064070484E-01 1.480253276E-01
 9.173916898E-02 3.801318647E-02-1.287252456E-02-6.187548451E-02-1.097802573E-01
-1.566913925E-01-2.024498345E-01-2.467897608E-01-2.894355649E-01-3.301475348E-01
-3.686685097E-01-4.047364897E-01-4.381273690E-01-4.687681139E-01-4.962637670E-01
-5.204664492E-01-5.411960731E-01-5.582537289E-01-5.714420733E-01-5.806362510E-01
-5.856665004E-01-5.863877706E-01-5.826810188E-01-5.744316889E-01-5.615624885E-01
-5.439819949E-01-5.216478378E-01-4.945202255E-01-4.626030820E-01-4.258652823E-01
-3.843633564E-01-3.381717559E-01-2.874163087E-01-2.321692875E-01-1.724376305E-01
-1.082659065E-01-3.947634869E-02 3.435804107E-02 1.120046909E-01 1.927726897E-01
 2.761027012E-01 3.617310843E-01 4.494971992E-01 5.392293859E-01 6.307595538E-01
 7.239392982E-01 8.186393945E-01 9.147437376E-01 1.012143707E+00 1.110739653E+00
 1.210438016E+00 1.311145551E+00 1.412780469E+00 1.515297506E+00 1.618539608E+00
 4.044990423E-01 3.422586579E-01 2.812869355E-01 2.219809127E-01 1.645859564E-01
 1.094526569E-01 5.706805709E-02 7.968811617E-03-3.815353010E-02-8.268354461E-02
-1.259697647E-01-1.679574130E-01-2.084773563E-01-2.472957085E-01-2.841386548E-01
-3.187533754E-01-3.509114289E-01-3.804908761E-01-4.072492695E-01-4.308772535E-01
-4.512137333E-01-4.681974777E-01-4.815654584E-01-4.911278774E-01-4.967523764E-01
-4.982999057E-01-4.956360908E-01-4.886443826E-01-4.772270216E-01-4.613034029E-01
-4.407972717E-01-4.156632647E-01-3.858691954E-01-3.514267049E-01-3.123119757E-01
-2.686026529E-01-2.203959538E-01-1.677192886E-01-1.104543114E-01-4.831562601E-02
 1.914923160E-02 9.092312221E-02 1.663378477E-01 2.447561902E-01 3.257343493E-01
 4.090426125E-01 4.944836144E-01 5.818887373E-01 6.711063880E-01 7.619917166E-01
 8.544141139E-01 9.482595397E-01 1.043427463E+00 1.139827254E+00 1.237373563E+00
 1.335987484E+00 1.435594846E+00 1.536124849E+00 1.637531192E+00 1.739650669E+00
 4.159035141E-01 3.541879903E-01 2.938119753E-01 2.352067556E-01 1.786519725E-01
 1.245433005E-01 7.339605637E-02 2.589017652E-02-1.772704693E-02-5.895463741E-02
-9.858728647E-02-1.367431791E-01-1.733643930E-01-2.082423210E-01-2.411367610E-01
-2.718239590E-01-3.001300203E-01-3.257830931E-01-3.485905002E-01-3.684410364E-01
-3.850375181E-01-3.982273003E-01-4.078942678E-01-4.138605609E-01-4.159624813E-01
-4.140727315E-01-4.080736458E-01-3.978472273E-01-3.833112780E-01-3.643773173E-01
-3.409864671E-01-3.130935101E-01-2.806814478E-01-2.437872196E-01-2.024031331E-01
-1.565065016E-01-1.059776834E-01-5.055668755E-02 1.036466223E-02 7.621370044E-02
 1.462960378E-01 2.198521763E-01 2.963530840E-01 3.755086317E-01 4.570225018E-01
 5.406392927E-01 6.261653690E-01 7.134543542E-01 8.023906800E-01 8.928656924E-01
 9.847665522E-01 1.077990306E+00 1.172447422E+00 1.268059176E+00 1.364754943E+00
 1.462467755E+00 1.561133922E+00 1.660698109E+00 1.761127009E+00 1.862262479E+00
 4.250238251E-01 3.636742182E-01 3.037388066E-01 2.456909869E-01 1.898566074E-01
 1.366814550E-01 8.671024141E-02 4.065304333E-02-9.056420114E-04-3.888168793E-02
-7.488596473E-02-1.092230881E-01-1.418619569E-01-1.727203774E-01-2.016433982E-01
-2.283986856E-01-2.526347609E-01-2.744712211E-01-2.934092533E-01-3.094058280E-01
-3.222098888E-01-3.317411298E-01-3.377773042E-01-3.401888074E-01-3.388370963E-01
-3.335864414E-01-3.243257204E-01-3.109446723E-01-2.933719174E-01-2.715188380E-01
-2.453501880E-01-2.148394057E-01-1.799749023E-01-1.406850182E-01-9.676079613E-02
-4.786984802E-02 6.617354414E-03 6.631396934E-02 1.306972319E-01 1.992251721E-01
 2.713206319E-01 3.464618709E-01 4.242450516E-01 5.043963711E-01 5.866624302E-01
 6.708034728E-01 7.566375226E-01 8.440359437E-01 9.329049306E-01 1.023169419E+00
 1.114748472E+00 1.207552324E+00 1.301499644E+00 1.396520131E+00 1.492552076E+00
 1.589540421E+00 1.687432025E+00 1.786179170E+00 1.885759581E+00 1.986030344E+00
 4.314912230E-01 3.703569216E-01 3.107298617E-01 2.531397228E-01 1.979552572E-01
 1.456627803E-01 9.682808240E-02 5.214146891E-02 1.241149471E-02-2.255857207E-02
-5.503815423E-02-8.558912735E-02-1.142713266E-01-1.411189123E-01-1.660126819E-01
-1.886975123E-01-2.090499929E-01-2.268869736E-01-2.419542696E-01-2.542226935E-01
-2.633065168E-01-2.691858334E-01-2.716869607E-01-2.706402020E-01-2.659245043E-01
-2.574200913E-01-2.450147069E-01-2.286139693E-01-2.081595295E-01-1.835799842E-01
-1.548249728E-01-1.217381001E-01-8.412498358E-02-4.155541116E-02 6.603894691E-03
 6.013376710E-02 1.187136015E-01 1.818901663E-01 2.491159524E-01 3.199755668E-01
 3.940799868E-01 4.709532824E-01 5.501739987E-01 6.314702322E-01 7.146381047E-01
 7.994741863E-01 8.858065667E-01 9.735142448E-01 1.062515220E+00 1.152752656E+00
 1.244179990E+00 1.336735565E+00 1.430347411E+00 1.524951302E+00 1.620492090E+00
 1.716921333E+00 1.814195409E+00 1.912276167E+00 2.011146532E+00 2.110674458E+00
 4.349893485E-01 3.739591615E-01 3.145629638E-01 2.573853881E-01 2.028276612E-01
 1.513932862E-01 1.036599227E-01 6.033077105E-02 2.234368648E-02-9.987134452E-03
-3.896477133E-02-6.583935004E-02-9.069736314E-02-1.135610288E-01-1.344103471E-01
-1.530825605E-01-1.695032858E-01-1.834523682E-01-1.947302251E-01-2.032253339E-01
-2.087224657E-01-2.110513203E-01-2.101006944E-01-2.057237453E-01-1.977882520E-01
-1.861919323E-01-1.708337187E-01-1.516274644E-01-1.284460630E-01-1.011042603E-01
-6.937044388E-02-3.265928849E-02 9.484178205E-03 5.697227441E-02 1.096949829E-01
 1.673114610E-01 2.294007849E-01 2.956016184E-01 3.655023735E-01 4.386972988E-01
 5.148283156E-01 5.934756666E-01 6.742185122E-01 7.567728254E-01 8.409640695E-01
 9.266309194E-01 1.013616565E+00 1.101802829E+00 1.191113199E+00 1.281499764E+00
 1.372933008E+00 1.465386309E+00 1.558811465E+00 1.653150510E+00 1.748352895E+00
 1.844375388E+00 1.941179269E+00 2.038733685E+00 2.137029234E+00 2.235944216E+00
 4.353021696E-01 3.743266755E-01 3.151405010E-01 2.583750169E-01 2.044358313E-01
 1.538374080E-01 1.072022905E-01 6.528500845E-02 2.903841443E-02-9.220706041E-04
-2.638272047E-02-4.968754148E-02-7.088797055E-02-8.994896781E-02-1.069254923E-01
-1.216963251E-01-1.342700988E-01-1.444334120E-01-1.519758069E-01-1.568231965E-01
-1.587999328E-01-1.577407708E-01-1.535032699E-01-1.459678919E-01-1.350029658E-01
-1.204655010E-01-1.021898480E-01-7.999233093E-02-5.349993402E-02-2.215452634E-02
 1.434462955E-02 5.616133437E-02 1.032331687E-01 1.552835099E-01 2.120548029E-01
 2.732589830E-01 3.385670432E-01 4.076494142E-01 4.801260004E-01 5.555989681E-01
 6.337266955E-01 7.141481982E-01 7.964610675E-01 8.803618521E-01 9.656770575E-01
 1.052280986E+00 1.140042118E+00 1.228846395E+00 1.318617825E+00 1.409312615E+00
 1.500908032E+00 1.593394678E+00 1.686759397E+00 1.780963593E+00 1.875960584E+00
 1.971710703E+00 2.068179484E+00 2.165339467E+00 2.263185628E+00 2.361609891E+00
 4.323369671E-01 3.714222199E-01 3.124603701E-01 2.561084817E-01 2.027784134E-01
 1.530369685E-01 1.075900594E-01 6.723588440E-02 3.290505303E-02 5.329909726E-03
-1.676317668E-02-3.654269095E-02-5.433262026E-02-6.989894121E-02-8.327308475E-02
-9.436979446E-02-1.032231439E-01-1.097983916E-01-1.137938343E-01-1.151805038E-01
-1.137800248E-01-1.094553068E-01-1.020404015E-01-9.136203889E-02-7.723414717E-02
-5.936906035E-02-3.733310675E-02-1.075490294E-02 2.062477448E-02 5.710713989E-02
 9.874550034E-02 1.454551905E-01 1.969945191E-01 2.530938081E-01 3.135500321E-01
 3.781000439E-01 4.464316427E-01 5.182360143E-01 5.931643901E-01 6.708357552E-01
 7.509177387E-01 8.330948408E-01 9.169966761E-01 1.002303537E+00 1.088824052E+00
 1.176450509E+00 1.265082336E+00 1.354616266E+00 1.444975218E+00 1.536115210E+00
 1.628016498E+00 1.720675101E+00 1.814096351E+00 1.908275689E+00 2.003181661E+00
 2.098776716E+00 2.195029257E+00 2.291915120E+00 2.389430417E+00 2.487477370E+00
 4.261072879E-01 3.652780059E-01 3.065473886E-01 2.506105814E-01 1.979377793E-01
 1.491941766E-01 1.051430725E-01 6.663269007E-02 3.452632609E-02 9.337294565E-03
-9.569990950E-03-2.577289843E-02-4.016875090E-02-5.250069044E-02-6.253585289E-02
-7.027809907E-02-7.573139316E-02-7.884589646E-02-7.949139074E-02-7.752366657E-02
-7.278842339E-02-6.509112988E-02-5.420083587E-02-3.979784803E-02-2.153663262E-02
 8.541685815E-04 2.777300713E-02 5.948198236E-02 9.606274648E-02 1.375463140E-01
 1.838951910E-01 2.349984663E-01 2.906031478E-01 3.504378482E-01 4.143112548E-01
 4.819786660E-01 5.531415158E-01 6.275096869E-01 7.047659364E-01 7.845512240E-01
 8.665377521E-01 9.504387302E-01 1.035925081E+00 1.122669507E+00 1.210457107E+00
 1.299177447E+00 1.388754766E+00 1.479105569E+00 1.570154684E+00 1.661855196E+00
 1.754186999E+00 1.847148113E+00 1.940748574E+00 2.035004295E+00 2.129915807E+00
 2.225457065E+00 2.321597431E+00 2.418314841E+00 2.515606674E+00 2.613383816E+00
 4.166703550E-01 3.559341464E-01 2.974482114E-01 2.420031071E-01 1.901761347E-01
 1.426872998E-01 1.003785952E-01 6.413228730E-02 3.424953569E-02 1.121894232E-02
-4.326773500E-03-1.658428241E-02-2.740607772E-02-3.640038717E-02-4.319498427E-02
-4.771287107E-02-4.991102510E-02-4.967195381E-02-4.692676716E-02-4.146656450E-02
-3.307531537E-02-2.147114787E-02-6.436461489E-03 1.232951573E-02 3.531641783E-02
 6.277222218E-02 9.482963955E-02 1.315343382E-01 1.729064181E-01 2.189424855E-01
 2.695968418E-01 3.247369413E-01 3.840902520E-01 4.473817993E-01 5.144267156E-01
 5.849986093E-01 6.588147305E-01 7.356005546E-01 8.150660594E-01 8.968776211E-01
 9.807124252E-01 1.066297856E+00 1.153346248E+00 1.241537501E+00 1.330633333E+00
 1.420505395E+00 1.511089234E+00 1.602324713E+00 1.694145110E+00 1.786500942E+00
 1.879368940E+00 1.972746740E+00 2.066645527E+00 2.161085825E+00 2.256090868E+00
 2.351663722E+00 2.447782076E+00 2.544423820E+00 2.641586606E+00 2.739190306E+00
 4.040776094E-01 3.434597557E-01 2.853240820E-01 2.306014095E-01 1.799174894E-01
 1.340766948E-01 9.403574315E-02 5.999755707E-02 3.195387059E-02 1.222616271E-02
-3.780945243E-04-8.727749983E-03-1.551035697E-02-2.078966604E-02-2.396056735E-02
-2.509959494E-02-2.382666045E-02-2.005953159E-02-1.369987650E-02-4.536605428E-03
 7.715242732E-03 2.351579881E-02 4.312608597E-02 6.674269426E-02 9.464376764E-02
 1.270033952E-01 1.638546885E-01 2.051620655E-01 2.509313497E-01 3.011592212E-01
 3.557868578E-01 4.146553770E-01 4.774747331E-01 5.439702840E-01 6.139650606E-01
 6.872497054E-01 7.635566093E-01 8.426245603E-01 9.241867804E-01 1.007936006E+00
 1.093557253E+00 1.180783357E+00 1.269360364E+00 1.358990601E+00 1.449414979E+00
 1.540482446E+00 1.632124336E+00 1.724297855E+00 1.816952351E+00 1.910039464E+00
 2.003531574E+00 2.097423354E+00 2.191725610E+00 2.286459320E+00 2.381652841E+00
 2.477334039E+00 2.573506330E+00 2.670152998E+00 2.767269879E+00 2.864784588E+00
 3.884028545E-01 3.280513512E-01 2.705328066E-01 2.168587904E-01 1.677367020E-01
 1.241741181E-01 8.635052287E-02 5.380612919E-02 2.942514289E-02 1.260913069E-02
 1.211412897E-03-3.290048433E-03-5.401645718E-03-5.565349298E-03-4.954564926E-03
-2.463168369E-03 2.919191057E-03 1.048432052E-02 2.077186071E-02 3.419812017E-02
 5.092300192E-02 7.129130511E-02 9.553020977E-02 1.238280120E-01 1.563909399E-01
 1.933246434E-01 2.346042862E-01 2.801622952E-01 3.300020038E-01 3.841118747E-01
 4.424161081E-01 5.047348050E-01 5.707667335E-01 6.402399335E-01 7.129850409E-01
 7.888083028E-01 8.674565428E-01 9.486803947E-01 1.032232761E+00 1.117831620E+00
 1.205173815E+00 1.293994373E+00 1.384061035E+00 1.475107161E+00 1.566863310E+00
 1.659154707E+00 1.751896257E+00 1.845052149E+00 1.938589568E+00 2.032467314E+00
 2.126654983E+00 2.221142709E+00 2.315938662E+00 2.411063369E+00 2.506545106E+00
 2.602417936E+00 2.698711788E+00 2.795431703E+00 2.892575353E+00 2.990075909E+00
 3.698232053E-01 3.100636503E-01 2.535296830E-01 2.013603686E-01 1.544376087E-01
 1.131984201E-01 7.667960817E-02 4.750137681E-02 2.697052469E-02 9.591175079E-03
 1.121069948E-03 5.131087496E-04 4.327541062E-03 1.085447344E-02 1.460749147E-02
 2.195201639E-02 3.228708770E-02 4.387332417E-02 5.845606056E-02 7.620866719E-02
 9.731252913E-02 1.221010388E-01 1.507355777E-01 1.834242002E-01 2.203449225E-01
 2.615396916E-01 3.069272171E-01 3.564236166E-01 4.100341906E-01 4.677398193E-01
 5.294477223E-01 5.949616008E-01 6.639735963E-01 7.362159920E-01 8.115265526E-01
 8.897257493E-01 9.705742438E-01 1.053833545E+00 1.139272887E+00 1.226633157E+00
 1.315627122E+00 1.405991867E+00 1.497505413E+00 1.589932732E+00 1.683009803E+00
 1.776537368E+00 1.870409834E+00 1.964586481E+00 2.059046323E+00 2.153761295E+00
 2.248702104E+00 2.343854410E+00 2.439222208E+00 2.534823764E+00 2.630686704E+00
 2.726844599E+00 2.823335247E+00 2.920190705E+00 3.017424546E+00 3.114977890E+00
 3.490450817E-01 2.902080278E-01 2.350159536E-01 1.849768896E-01 1.406827943E-01
 1.003228122E-01 6.633362219E-02 4.308780207E-02 2.079189478E-02 4.950694328E-03
 1.844920997E-03 7.413124347E-03 2.148803702E-02 3.026516687E-02 3.724474931E-02
 5.095958151E-02 6.490708338E-02 8.045329593E-02 9.923338188E-02 1.210784084E-01
 1.463506259E-01 1.753275793E-01 2.081395236E-01 2.450063643E-01 2.860529276E-01
 3.312577826E-01 3.804960256E-01 4.336833368E-01 4.908272794E-01 5.519017596E-01
 6.167974768E-01 6.853050218E-01 7.571130086E-01 8.319589993E-01 9.096875315E-01
 9.901321457E-01 1.073066845E+00 1.158263426E+00 1.245504858E+00 1.334552704E+00
 1.425138144E+00 1.517001385E+00 1.609924110E+00 1.703698316E+00 1.798078002E+00
 1.892842137E+00 1.987864224E+00 2.083089242E+00 2.178501036E+00 2.274085648E+00
 2.369819618E+00 2.465685931E+00 2.561683601E+00 2.657827135E+00 2.754142468E+00
 2.850662483E+00 2.947424232E+00 3.044470314E+00 3.141842515E+00 3.239499381E+00
 8.504836404E-01 8.708716804E-01 8.905218422E-01 9.102878282E-01 9.302639574E-01
 9.505411053E-01 9.712037663E-01 9.923328691E-01 1.014006457E+00 1.036298914E+00
 1.059280952E+00 1.083019119E+00 1.107574712E+00 1.133000117E+00 1.159335671E+00
 1.186605359E+00 1.214807405E+00 1.243905459E+00 1.273807331E+00 1.304373131E+00
 1.335486509E+00 1.367074914E+00 1.399110788E+00 1.431595342E+00 1.464549796E+00
 1.498013188E+00 1.532038489E+00 1.566688975E+00 1.602037821E+00 1.638166610E+00
 1.675165018E+00 1.713130983E+00 1.752171004E+00 1.792400839E+00 1.833946811E+00
 1.876947316E+00 1.921554590E+00 1.967937108E+00 2.016282946E+00 2.066803268E+00
 2.119737103E+00 2.175358091E+00 2.233981881E+00 2.295976573E+00 2.361777522E+00
 2.431905790E+00 2.506994767E+00 2.587828563E+00 2.675397996E+00 2.770985769E+00
 2.876305440E+00 2.993716804E+00 3.126598460E+00 3.280382650E+00 3.462547476E+00
 3.690943024E+00 3.959219019E+00 4.356986255E+00 4.619858528E+00 8.812237853E+00
  300    5
 2.266215769E+00 1.565368246E-02 2.266265844E+00 2.695867361E-02 2.266102342E+00
 3.826678066E-02 2.265723870E+00 4.957444538E-02 2.265132564E+00 6.087829199E-02
 2.264331274E+00 7.217519926E-02 2.263322817E+00 8.346227921E-02 2.262110027E+00
 9.473687979E-02 2.260695616E+00 1.059965639E-01 2.259082491E+00 1.172391565E-01
 2.257274540E+00 1.284629369E-01 2.255275901E+00 1.396665780E-01 2.253090647E+00
 1.508490993E-01 2.250722812E+00 1.620098769E-01 2.248176250E+00 1.731486065E-01
 2.245455132E+00 1.842654585E-01 2.242563939E+00 1.953611265E-01 2.239507132E+00
 2.064367595E-01 2.236289032E+00 2.174939344E-01 2.232913641E+00 2.285345870E-01
 2.229383651E+00 2.395605591E-01 2.225700957E+00 2.505737040E-01 2.221867292E+00
 2.615761279E-01 2.217884300E+00 2.725702320E-01 2.213752906E+00 2.835583866E-01
 2.209472638E+00 2.945424658E-01 2.205042795E+00 3.055243971E-01 2.200462585E+00
 3.165062372E-01 2.195730968E+00 3.274900825E-01 2.190845516E+00 3.384772665E-01
 2.185803194E+00 3.494687388E-01 2.180600969E+00 3.604654509E-01 2.175235820E+00
 3.714683851E-01 2.169704847E+00 3.824786638E-01 2.164005158E+00 3.934974980E-01
 2.158133847E+00 4.045261923E-01 2.152087384E+00 4.155656012E-01 2.145860715E+00
 4.266151454E-01 2.139448583E+00 4.376738826E-01 2.132845883E+00 4.487408410E-01
 2.126048980E+00 4.598165312E-01 2.119055806E+00 4.709034216E-01 2.111864165E+00
 4.820043091E-01 2.104471198E+00 4.931217014E-01 2.096872627E+00 5.042567283E-01
 2.089063814E+00 5.154102882E-01 2.081040313E+00 5.265838052E-01 2.072798777E+00
 5.377807488E-01 2.064335817E+00 5.490053055E-01 2.055647771E+00 5.602621637E-01
 2.046731319E+00 5.715576860E-01 2.037582796E+00 5.828990534E-01 2.028197968E+00
 5.942940181E-01 2.018572129E+00 6.057512143E-01 2.008699839E+00 6.172798067E-01
 1.998574775E+00 6.288892843E-01 1.988189724E+00 6.405894960E-01 1.977536626E+00
 6.523908692E-01 1.966606990E+00 6.643057161E-01 1.955391484E+00 6.763476928E-01
 1.943879345E+00 6.885304334E-01 1.932058059E+00 7.008664800E-01 1.919914081E+00
 7.133694805E-01 1.907434404E+00 7.260609520E-01 1.894604596E+00 7.389656673E-01
 1.881405276E+00 7.520964332E-01 1.867813836E+00 7.654564166E-01 1.853808924E+00
 7.790603512E-01 1.839369737E+00 7.929387226E-01 1.824471258E+00 8.071128793E-01
 1.809084664E+00 8.215897937E-01 1.793180320E+00 8.363815374E-01 1.776727187E+00
 8.515057738E-01 1.759691487E+00 8.669679805E-01 1.742038009E+00 8.827686795E-01
 1.723730359E+00 8.989336891E-01 1.704729330E+00 9.154708565E-01 1.684995819E+00
 9.323456647E-01 1.664490457E+00 9.495499617E-01 1.643173955E+00 9.670657056E-01
 1.621011080E+00 9.848372442E-01 1.597966918E+00 1.002829044E+00 1.574014602E+00
 1.020960648E+00 1.549143941E+00 1.039084493E+00 1.523362458E+00 1.057017518E+00
 1.496698228E+00 1.074546428E+00 1.469225267E+00 1.091337155E+00 1.441042853E+00
 1.107066028E+00 1.412323084E+00 1.121251930E+00 1.383144380E+00 1.133856714E+00
 1.353479120E+00 1.145172359E+00 1.324853654E+00 1.151041870E+00 1.291273683E+00
 1.168183828E+00 1.265618059E+00 1.162548381E+00 1.258927873E+00 1.112147701E+00
 1.251889515E+00 1.066963995E+00 1.246531868E+00 1.021992145E+00 1.241428883E+00
 9.800822449E-01 1.236189213E+00 9.415732129E-01 1.230826229E+00 9.060023414E-01
 1.225315908E+00 8.730439717E-01 1.219688898E+00 8.423311625E-01 1.214024610E+00
 8.134762028E-01 1.208379300E+00 7.861845142E-01 1.202791830E+00 7.602293291E-01
 1.197293182E+00 7.354266008E-01 1.191903920E+00 7.116310913E-01 1.186647096E+00
 6.887136999E-01 1.181534485E+00 6.665757049E-01 1.176579767E+00 6.451285699E-01
 1.171792730E+00 6.242990294E-01 1.167178935E+00 6.040271044E-01 1.162746080E+00
 5.842576570E-01 1.158496759E+00 5.649469125E-01 1.154432423E+00 5.460570057E-01
 1.150555562E+00 5.275532377E-01 1.146864639E+00 5.094080742E-01 1.143357478E+00
 4.915972508E-01 1.140032676E+00 4.740982307E-01 1.136886393E+00 4.568924595E-01
 1.133913781E+00 4.399637068E-01 1.131110629E+00 4.232965973E-01 1.128472411E+00
 4.068771690E-01 1.125992596E+00 3.906937364E-01 1.123664553E+00 3.747353456E-01
 1.121481911E+00 3.589914638E-01 1.119438119E+00 3.434521620E-01 1.117526016E+00
 3.281082367E-01 1.115738480E+00 3.129507433E-01 1.114068482E+00 2.979709191E-01
 1.112509124E+00 2.831601204E-01 1.111054253E+00 2.685095399E-01 1.109698183E+00
 2.540103537E-01 1.108435290E+00 2.396538782E-01 1.107259994E+00 2.254315377E-01
 1.106167082E+00 2.113347228E-01 1.105152934E+00 1.973544372E-01 1.104214422E+00
 1.834817320E-01 1.103348463E+00 1.697078310E-01 1.102552009E+00 1.560240967E-01
 1.101822411E+00 1.424219225E-01 1.101158545E+00 1.288925350E-01 1.100559711E+00
 1.154272989E-01 1.100025253E+00 1.020177780E-01 1.099554540E+00 8.865570574E-02
 1.099146948E+00 7.533295612E-02 1.098802183E+00 6.204148756E-02 1.098520402E+00
 4.877333978E-02 1.098301803E+00 3.552066259E-02 1.098146597E+00 2.227569020E-02
 1.098055000E+00 9.030712269E-03 1.098027226E+00-4.221955478E-03 1.098063512E+00
-1.748999966E-02 1.098164147E+00-3.078113433E-02 1.098329419E+00-4.410313042E-02
 1.098559626E+00-5.746384473E-02 1.098855081E+00-7.087124951E-02 1.099216166E+00
-8.433345428E-02 1.099643592E+00-9.785868443E-02 1.100138257E+00-1.114553091E-01
 1.100701073E+00-1.251318946E-01 1.101333001E+00-1.388972329E-01 1.102035068E+00
-1.527603689E-01 1.102809078E+00-1.667304296E-01 1.103658379E+00-1.808163371E-01
 1.104586556E+00-1.950271164E-01 1.105597239E+00-2.093719814E-01 1.106694157E+00
-2.238603531E-01 1.107882474E+00-2.385013512E-01 1.109169354E+00-2.533034224E-01
 1.110562134E+00-2.682749800E-01 1.112068163E+00-2.834245034E-01 1.113695063E+00
-2.987604509E-01 1.115453154E+00-3.142899695E-01 1.117354395E+00-3.300191759E-01
 1.119410671E+00-3.459539861E-01 1.121633797E+00-3.621001553E-01 1.124036692E+00
-3.784625572E-01 1.126633902E+00-3.950446959E-01 1.129439924E+00-4.118496811E-01
 1.132469192E+00-4.288802628E-01 1.135738029E+00-4.461373390E-01 1.139264119E+00
-4.636200804E-01 1.143064814E+00-4.813271252E-01 1.147158828E+00-4.992551162E-01
 1.151568881E+00-5.173959745E-01 1.156317595E+00-5.357400121E-01 1.161429064E+00
-5.542742451E-01 1.166933030E+00-5.729775550E-01 1.172858807E+00-5.918258560E-01
 1.179237617E+00-6.107891691E-01 1.186106297E+00-6.298263211E-01 1.193500186E+00
-6.488917702E-01 1.201458384E+00-6.679283807E-01 1.210021317E+00-6.868687103E-01
 1.219228382E+00-7.056366753E-01 1.229119866E+00-7.241434778E-01 1.239731739E+00
-7.422934967E-01 1.251097580E+00-7.599803967E-01 1.263244169E+00-7.770929091E-01
 1.276187728E+00-7.935212304E-01 1.289934956E+00-8.091563332E-01 1.304479211E+00
-8.238984917E-01 1.319804188E+00-8.376527962E-01 1.335878895E+00-8.503420753E-01
 1.352663979E+00-8.618976424E-01 1.370110551E+00-8.722648986E-01 1.388162678E+00
-8.814011796E-01 1.406757184E+00-8.892800583E-01 1.425828590E+00-8.958817715E-01
 1.445308884E+00-9.011958330E-01 1.465129791E+00-9.052160719E-01 1.485222812E+00
-9.079414783E-01 1.505518305E+00-9.093814899E-01 1.525946548E+00-9.095553660E-01
 1.546439496E+00-9.084875925E-01 1.566930886E+00-9.062091115E-01 1.587355121E+00
-9.027677217E-01 1.607647350E+00-8.982394262E-01 1.627750204E+00-8.926927875E-01
 1.647613199E+00-8.861842622E-01 1.667189105E+00-8.787897622E-01 1.686435877E+00
-8.706038667E-01 1.705319223E+00-8.617115179E-01 1.723811447E+00-8.521914282E-01
 1.741890864E+00-8.421257980E-01 1.759541871E+00-8.315939728E-01 1.776754047E+00
-8.206626866E-01 1.793521622E+00-8.093963127E-01 1.809843503E+00-7.978595088E-01
 1.825722198E+00-7.861079329E-01 1.841161410E+00-7.741777775E-01 1.856166861E+00
-7.621031979E-01 1.870746675E+00-7.499192880E-01 1.884910142E+00-7.376554072E-01
 1.898666233E+00-7.253311765E-01 1.912024823E+00-7.129653604E-01 1.924997078E+00
-7.005774392E-01 1.937594396E+00-6.881835867E-01 1.949824746E+00-6.757862323E-01
 1.961694812E+00-6.633847763E-01 1.973212789E+00-6.509841313E-01 1.984387933E+00
-6.385918470E-01 1.995228751E+00-6.262129178E-01 2.005742537E+00-6.138493543E-01
 2.015936469E+00-6.015032786E-01 2.025818189E+00-5.891780367E-01 2.035395529E+00
-5.768773148E-01 2.044675870E+00-5.646038365E-01 2.053665643E+00-5.523586612E-01
 2.062371081E+00-5.401427865E-01 2.070799038E+00-5.279584386E-01 2.078957446E+00
-5.158094628E-01 2.086854473E+00-5.036997059E-01 2.094498780E+00-4.916333138E-01
 2.101899575E+00-4.796146800E-01 2.109066260E+00-4.676478706E-01 2.116007270E+00
-4.557352033E-01 2.122729809E+00-4.438772251E-01 2.129241045E+00-4.320743514E-01
 2.135548520E+00-4.203272936E-01 2.141660901E+00-4.086377244E-01 2.147587323E+00
-3.970073885E-01 2.153336967E+00-3.854376166E-01 2.158917755E+00-3.739281493E-01
 2.164336952E+00-3.624779117E-01 2.169601875E+00-3.510857114E-01 2.174719580E+00
-3.397499658E-01 2.179695422E+00-3.284676339E-01 2.184534147E+00-3.172352762E-01
 2.189240455E+00-3.060495130E-01 2.193818549E+00-2.949066960E-01 2.198270846E+00
-2.838021307E-01 2.202599181E+00-2.727310378E-01 2.206805282E+00-2.616888680E-01
 2.210890694E+00-2.506712351E-01 2.214856018E+00-2.396735021E-01 2.218700901E+00
-2.286908661E-01 2.222424833E+00-2.177188222E-01 2.226027169E+00-2.067531541E-01
 2.229506305E+00-1.957895708E-01 2.232858676E+00-1.848233896E-01 2.236080278E+00
-1.738503118E-01 2.239166889E+00-1.628665129E-01 2.242114182E+00-1.518686710E-01
 2.244917633E+00-1.408539193E-01 2.247572559E+00-1.298198526E-01 2.250074093E+00
-1.187645117E-01 2.252417216E+00-1.076863902E-01 2.254596823E+00-9.658444513E-02
 2.256607642E+00-8.545807172E-02 2.258444091E+00-7.430708410E-02 2.260100389E+00
-6.313175044E-02 2.261570651E+00-5.193281606E-02 2.262848961E+00-4.071151205E-02
 2.263929628E+00-2.946957429E-02 2.264809070E+00-1.820933314E-02 2.265484899E+00
-6.933450595E-03 2.265954624E+00 4.355232264E-03 2.266215769E+00 1.565368246E-02
 1.039654053E+00-1.186458111E+00 2.324667618E+00-1.186458111E+00 2.324667618E+00
 1.217613625E+00 1.039654053E+00 1.217613625E+00 1.039654053E+00-1.186458111E+00

    5.40976890E-02 abs(PSI-AXIS) --> [T M**2]    -3.11681739E-01
    1.01910215E+00 R OF MAGAXE --> [M]       1.72839725E+00
    9.18499846E-03 Z OF MAGAXE --> [M]       1.55777574E-02
    9.22976560E-03 Z0 --> [M]       1.56536825E-02
    1.69600000E+00 R0 [M] USED FOR CONVERTING TO MKSA
    2.00300000E+00 B0 [T] USED FOR CONVERTING TO MKSA
    1.00000000E+00 SIGN OF B0 IN EXPERIMENT (CHEASE ASSUMES 1.0) 
    5.08300622E-01 TOTAL CURRENT --> [A]     1.37409758E+06
    1.00000000E+00 SIGN OF IP IN EXPERIMENT (CHEASE ASSUMES 1.0) 
    1.78122792E+00 b/a
    8.50483640E-01 Q_ZERO, USING SIGNS OF IP AND B0, WOULD GIVE:     8.50483640E-01
    8.81223785E+00 Q_EDGE, USING SIGNS OF IP AND B0, WOULD GIVE:     8.81223785E+00
    6.11630030E-01 POLOIDAL BETA
    2.08084803E-02 BETA_EXP=<P>*2*MU0/B0**2
    7.16132830E-01 LI
    2.44345447E-02 PRESSURE ON AXIS --> [Pa]     7.80110793E+04  --> [10**19 M**-3 KEV]:     4.86960545E+01
    1.80786954E-02 BETA
    2.11422032E-02 BETA* (SQRT(<P**2>))
    4.51557027E-02 BETA-AXIS
   -5.40976890E-02 PSI-AXIS --> [T M**2]    -3.11681739E-01
   -3.39905805E-01 2*PI*PSI-AXIS -->        -1.95835412E+00
   -5.40976890E-02 IP_SIGN*PSI-AXIS --> [T M**2]    -3.11681739E-01
   -3.39905805E-01 IP_SIGN*2*PI*PSI-AXIS -->        -1.95835412E+00
    2.87978743E+00 ASPECT RATIO ; a/R=     3.47247853E-01
    3.64164236E+00 VOLUME ->     1.77653937E+01
    6.07354217E-01 AREA   ->     1.74700339E+00
    1.80848990E+01 SURFACE   ->     5.20196929E+01
    3.05109057E+00 LENGTH ->     5.17464961E+00
    6.47421713E-01 RMIN -> RMIN [m]     1.09802723E+00
    1.33624165E+00 RMAX -> RMAX [m]     2.26626584E+00
   -5.36294438E-01 ZMIN -> ZMIN [m]    -9.09555366E-01
    6.88787635E-01 ZMAX -> ZMAX [m]     1.16818383E+00
    9.91831683E-01 RGEOM -> RGEOM [m]     1.68214654E+00
    3.44409970E-01 MINOR RADIUS -> A [m]     5.84119309E-01
