  129   rhopsi, Te, ne, Zeff, Ti, ni profiles
    0.00000000E+00
    7.81250000E-03
    1.56250000E-02
    2.34375000E-02
    3.12500000E-02
    3.90625000E-02
    4.68750000E-02
    5.46875000E-02
    6.25000000E-02
    7.03125000E-02
    7.81250000E-02
    8.59375000E-02
    9.37500000E-02
    1.01562500E-01
    1.09375000E-01
    1.17187500E-01
    1.25000000E-01
    1.32812500E-01
    1.40625000E-01
    1.48437500E-01
    1.56250000E-01
    1.64062500E-01
    1.71875000E-01
    1.79687500E-01
    1.87500000E-01
    1.95312500E-01
    2.03125000E-01
    2.10937500E-01
    2.18750000E-01
    2.26562500E-01
    2.34375000E-01
    2.42187500E-01
    2.50000000E-01
    2.57812500E-01
    2.65625000E-01
    2.73437500E-01
    2.81250000E-01
    2.89062500E-01
    2.96875000E-01
    3.04687500E-01
    3.12500000E-01
    3.20312500E-01
    3.28125000E-01
    3.35937500E-01
    3.43750000E-01
    3.51562500E-01
    3.59375000E-01
    3.67187500E-01
    3.75000000E-01
    3.82812500E-01
    3.90625000E-01
    3.98437500E-01
    4.06250000E-01
    4.14062500E-01
    4.21875000E-01
    4.29687500E-01
    4.37500000E-01
    4.45312500E-01
    4.53125000E-01
    4.60937500E-01
    4.68750000E-01
    4.76562500E-01
    4.84375000E-01
    4.92187500E-01
    5.00000000E-01
    5.07812500E-01
    5.15625000E-01
    5.23437500E-01
    5.31250000E-01
    5.39062500E-01
    5.46875000E-01
    5.54687500E-01
    5.62500000E-01
    5.70312500E-01
    5.78125000E-01
    5.85937500E-01
    5.93750000E-01
    6.01562500E-01
    6.09375000E-01
    6.17187500E-01
    6.25000000E-01
    6.32812500E-01
    6.40625000E-01
    6.48437500E-01
    6.56250000E-01
    6.64062500E-01
    6.71875000E-01
    6.79687500E-01
    6.87500000E-01
    6.95312500E-01
    7.03125000E-01
    7.10937500E-01
    7.18750000E-01
    7.26562500E-01
    7.34375000E-01
    7.42187500E-01
    7.50000000E-01
    7.57812500E-01
    7.65625000E-01
    7.73437500E-01
    7.81250000E-01
    7.89062500E-01
    7.96875000E-01
    8.04687500E-01
    8.12500000E-01
    8.20312500E-01
    8.28125000E-01
    8.35937500E-01
    8.43750000E-01
    8.51562500E-01
    8.59375000E-01
    8.67187500E-01
    8.75000000E-01
    8.82812500E-01
    8.90625000E-01
    8.98437500E-01
    9.06250000E-01
    9.14062500E-01
    9.21875000E-01
    9.29687500E-01
    9.37500000E-01
    9.45312500E-01
    9.53125000E-01
    9.60937500E-01
    9.68750000E-01
    9.76562500E-01
    9.84375000E-01
    9.92187500E-01
    1.00000000E+00
    3.06835700E+03
    3.06817900E+03
    3.06764300E+03
    3.06675000E+03
    3.06549900E+03
    3.06389300E+03
    3.06193100E+03
    3.05961400E+03
    3.05694400E+03
    3.05392100E+03
    3.05054600E+03
    3.04682000E+03
    3.04274500E+03
    3.03832400E+03
    3.03355700E+03
    3.02844600E+03
    3.02299400E+03
    3.01720300E+03
    3.01107400E+03
    3.00461000E+03
    2.99781500E+03
    2.99068900E+03
    2.98323600E+03
    2.97545800E+03
    2.96736000E+03
    2.95894400E+03
    2.95021300E+03
    2.94117100E+03
    2.93182000E+03
    2.92216400E+03
    2.91220700E+03
    2.90195300E+03
    2.89140400E+03
    2.88056600E+03
    2.86944200E+03
    2.85803600E+03
    2.84635200E+03
    2.83439400E+03
    2.82216500E+03
    2.80967200E+03
    2.79691700E+03
    2.78390500E+03
    2.77064000E+03
    2.75712800E+03
    2.74337300E+03
    2.72937700E+03
    2.71514600E+03
    2.70068600E+03
    2.68600000E+03
    2.67109300E+03
    2.65596900E+03
    2.64063200E+03
    2.62508700E+03
    2.60933900E+03
    2.59339200E+03
    2.57724800E+03
    2.56091900E+03
    2.54439500E+03
    2.52774400E+03
    2.51064400E+03
    2.48956800E+03
    2.46774100E+03
    2.44594000E+03
    2.42406900E+03
    2.40208700E+03
    2.37997000E+03
    2.35771000E+03
    2.33529900E+03
    2.31273500E+03
    2.29001200E+03
    2.26713000E+03
    2.24408900E+03
    2.22088900E+03
    2.19753200E+03
    2.17401900E+03
    2.15035200E+03
    2.12652900E+03
    2.10255700E+03
    2.07843300E+03
    2.05416000E+03
    2.02974000E+03
    2.00517200E+03
    1.98045500E+03
    1.95559200E+03
    1.93057900E+03
    1.90541600E+03
    1.88010100E+03
    1.85463200E+03
    1.82900500E+03
    1.80321600E+03
    1.77725900E+03
    1.75113200E+03
    1.72482400E+03
    1.69833000E+03
    1.67164200E+03
    1.64475100E+03
    1.61764600E+03
    1.59031700E+03
    1.56275300E+03
    1.53493900E+03
    1.50686400E+03
    1.47851200E+03
    1.44986800E+03
    1.42091500E+03
    1.39163400E+03
    1.36200700E+03
    1.33201700E+03
    1.30164000E+03
    1.27085300E+03
    1.23962900E+03
    1.20794400E+03
    1.17577100E+03
    1.14307900E+03
    1.10984300E+03
    1.07603200E+03
    1.04162000E+03
    1.00657600E+03
    9.70868600E+02
    9.34463800E+02
    8.97309600E+02
    8.59342300E+02
    8.20488000E+02
    7.80629800E+02
    7.39415600E+02
    6.95219000E+02
    6.38857300E+02
    5.26404100E+02
    2.82784400E+02
    7.34680000E+01
    8.52611400E+19
    8.52588800E+19
    8.52520600E+19
    8.52406800E+19
    8.52247500E+19
    8.52043100E+19
    8.51793700E+19
    8.51499600E+19
    8.51161100E+19
    8.50778400E+19
    8.50351800E+19
    8.49881800E+19
    8.49368800E+19
    8.48813200E+19
    8.48215800E+19
    8.47576900E+19
    8.46897100E+19
    8.46176800E+19
    8.45416800E+19
    8.44618100E+19
    8.43781100E+19
    8.42906600E+19
    8.41995600E+19
    8.41049200E+19
    8.40067600E+19
    8.39051900E+19
    8.38003000E+19
    8.36921900E+19
    8.35809800E+19
    8.34667600E+19
    8.33495700E+19
    8.32295600E+19
    8.31069400E+19
    8.29816100E+19
    8.28537900E+19
    8.27236300E+19
    8.25912000E+19
    8.24566100E+19
    8.23200200E+19
    8.21814300E+19
    8.20410800E+19
    8.18990200E+19
    8.17554000E+19
    8.16104000E+19
    8.14639500E+19
    8.13163000E+19
    8.11676000E+19
    8.10179000E+19
    8.08673800E+19
    8.07160600E+19
    8.05640900E+19
    8.04115800E+19
    8.02587300E+19
    8.01055400E+19
    7.99521300E+19
    7.97986700E+19
    7.96452000E+19
    7.94918700E+19
    7.93388600E+19
    7.91836400E+19
    7.89959100E+19
    7.88044300E+19
    7.86158900E+19
    7.84300800E+19
    7.82464400E+19
    7.80648200E+19
    7.78851800E+19
    7.77073500E+19
    7.75313600E+19
    7.73572300E+19
    7.71848900E+19
    7.70142300E+19
    7.68453900E+19
    7.66781800E+19
    7.65125600E+19
    7.63485000E+19
    7.61858300E+19
    7.60245400E+19
    7.58645100E+19
    7.57055100E+19
    7.55473100E+19
    7.53898700E+19
    7.52329300E+19
    7.50761600E+19
    7.49194300E+19
    7.47623400E+19
    7.46046200E+19
    7.44459100E+19
    7.42858400E+19
    7.41239300E+19
    7.39598200E+19
    7.37930100E+19
    7.36230500E+19
    7.34494200E+19
    7.32714700E+19
    7.30887200E+19
    7.29005100E+19
    7.27061200E+19
    7.25050300E+19
    7.22964200E+19
    7.20795600E+19
    7.18537400E+19
    7.16180400E+19
    7.13716900E+19
    7.11138700E+19
    7.08435600E+19
    7.05598600E+19
    7.02618400E+19
    6.99483800E+19
    6.96186000E+19
    6.92710700E+19
    6.89049500E+19
    6.85188800E+19
    6.81116700E+19
    6.76821500E+19
    6.72289100E+19
    6.67507900E+19
    6.62463300E+19
    6.57140700E+19
    6.51524100E+19
    6.45591000E+19
    6.39316500E+19
    6.32643100E+19
    6.25340400E+19
    6.16170500E+19
    5.97907800E+19
    5.33870600E+19
    3.42797200E+19
    1.36221000E+19
    2.14411500E+00
    2.14413600E+00
    2.14419800E+00
    2.14430100E+00
    2.14444400E+00
    2.14462700E+00
    2.14485000E+00
    2.14511200E+00
    2.14541300E+00
    2.14575300E+00
    2.14613300E+00
    2.14655400E+00
    2.14702000E+00
    2.14753300E+00
    2.14809300E+00
    2.14870200E+00
    2.14935900E+00
    2.15006200E+00
    2.15081100E+00
    2.15160100E+00
    2.15243400E+00
    2.15330800E+00
    2.15422400E+00
    2.15518000E+00
    2.15617600E+00
    2.15720900E+00
    2.15828600E+00
    2.15941000E+00
    2.16058400E+00
    2.16179800E+00
    2.16305300E+00
    2.16435300E+00
    2.16569700E+00
    2.16708500E+00
    2.16851400E+00
    2.16998400E+00
    2.17149800E+00
    2.17306200E+00
    2.17467400E+00
    2.17633600E+00
    2.17804000E+00
    2.17978100E+00
    2.18156400E+00
    2.18339400E+00
    2.18528200E+00
    2.18722500E+00
    2.18921800E+00
    2.19126200E+00
    2.19335300E+00
    2.19549300E+00
    2.19768300E+00
    2.19992200E+00
    2.20221000E+00
    2.20455100E+00
    2.20694400E+00
    2.20939200E+00
    2.21189400E+00
    2.21445200E+00
    2.21707400E+00
    2.21978400E+00
    2.22308900E+00
    2.22651500E+00
    2.22997200E+00
    2.23345500E+00
    2.23699000E+00
    2.24059100E+00
    2.24424700E+00
    2.24795100E+00
    2.25172700E+00
    2.25557600E+00
    2.25945600E+00
    2.26343400E+00
    2.26748900E+00
    2.27161900E+00
    2.27581400E+00
    2.28011700E+00
    2.28450200E+00
    2.28896400E+00
    2.29350600E+00
    2.29820400E+00
    2.30294700E+00
    2.30779700E+00
    2.31279600E+00
    2.31791300E+00
    2.32312400E+00
    2.32846600E+00
    2.33397700E+00
    2.33962600E+00
    2.34543600E+00
    2.35137000E+00
    2.35749700E+00
    2.36382200E+00
    2.37032000E+00
    2.37705700E+00
    2.38401000E+00
    2.39115000E+00
    2.39859200E+00
    2.40627000E+00
    2.41427000E+00
    2.42253800E+00
    2.43113800E+00
    2.44005600E+00
    2.44937100E+00
    2.45903300E+00
    2.46912900E+00
    2.47960000E+00
    2.49061100E+00
    2.50206100E+00
    2.51405400E+00
    2.52659200E+00
    2.53974300E+00
    2.55348900E+00
    2.56793600E+00
    2.58306700E+00
    2.59903400E+00
    2.61576500E+00
    2.63344200E+00
    2.65202600E+00
    2.67167500E+00
    2.69244300E+00
    2.71439500E+00
    2.73768300E+00
    2.76239100E+00
    2.78813200E+00
    2.80893900E+00
    2.77294200E+00
    2.39414500E+00
    1.66911600E+00
    1.40178100E+00
    3.03059800E+03
    3.03059700E+03
    3.03059200E+03
    3.03058700E+03
    3.03057700E+03
    3.03055800E+03
    3.03052600E+03
    3.03047600E+03
    3.03040500E+03
    3.03030700E+03
    3.03017700E+03
    3.03000600E+03
    3.02978800E+03
    3.02951200E+03
    3.02917200E+03
    3.02875600E+03
    3.02825400E+03
    3.02765700E+03
    3.02695100E+03
    3.02612500E+03
    3.02516700E+03
    3.02406200E+03
    3.02280000E+03
    3.02136500E+03
    3.01974200E+03
    3.01791900E+03
    3.01587900E+03
    3.01360700E+03
    3.01109000E+03
    3.00831000E+03
    3.00525200E+03
    3.00190200E+03
    2.99824200E+03
    2.99425600E+03
    2.98993100E+03
    2.98524900E+03
    2.98019600E+03
    2.97475800E+03
    2.96892000E+03
    2.96266900E+03
    2.95598900E+03
    2.94887000E+03
    2.94129800E+03
    2.93326400E+03
    2.92475500E+03
    2.91576400E+03
    2.90628100E+03
    2.89630000E+03
    2.88581600E+03
    2.87482200E+03
    2.86331700E+03
    2.85129800E+03
    2.83876700E+03
    2.82572300E+03
    2.81216300E+03
    2.79807800E+03
    2.78345800E+03
    2.76829900E+03
    2.75259000E+03
    2.73632600E+03
    2.71950000E+03
    2.70211100E+03
    2.68414900E+03
    2.66561500E+03
    2.64650400E+03
    2.62681600E+03
    2.60654900E+03
    2.58570300E+03
    2.56428100E+03
    2.54228600E+03
    2.51972200E+03
    2.49659800E+03
    2.47291900E+03
    2.44869700E+03
    2.42394300E+03
    2.39867000E+03
    2.37289600E+03
    2.34663800E+03
    2.31991800E+03
    2.29275600E+03
    2.26517700E+03
    2.23721100E+03
    2.20888300E+03
    2.18022500E+03
    2.15127200E+03
    2.12205900E+03
    2.09262500E+03
    2.06301000E+03
    2.03326000E+03
    2.00341900E+03
    1.97353300E+03
    1.94366000E+03
    1.91384500E+03
    1.88414700E+03
    1.85462600E+03
    1.82534300E+03
    1.79636400E+03
    1.76774700E+03
    1.73947900E+03
    1.71147300E+03
    1.68363400E+03
    1.65586000E+03
    1.62804600E+03
    1.60007400E+03
    1.57182200E+03
    1.54316000E+03
    1.51395400E+03
    1.48405800E+03
    1.45332200E+03
    1.42158700E+03
    1.38868200E+03
    1.35443400E+03
    1.31865700E+03
    1.28115700E+03
    1.24172700E+03
    1.20025400E+03
    1.15692700E+03
    1.11200100E+03
    1.06575800E+03
    1.01850000E+03
    9.70546800E+02
    9.22170200E+02
    8.72229000E+02
    8.18131000E+02
    7.57086700E+02
    6.86135900E+02
    6.02348500E+02
    5.03653500E+02
    3.87954000E+02
    6.57514302E+19
    6.57493292E+19
    6.57430127E+19
    6.57324809E+19
    6.57177592E+19
    6.56988793E+19
    6.56758497E+19
    6.56487118E+19
    6.56174902E+19
    6.55822019E+19
    6.55428548E+19
    6.54994725E+19
    6.54520200E+19
    6.54004968E+19
    6.53449676E+19
    6.52854244E+19
    6.52219339E+19
    6.51545643E+19
    6.50833809E+19
    6.50085490E+19
    6.49300694E+19
    6.48480415E+19
    6.47625294E+19
    6.46736557E+19
    6.45814401E+19
    6.44860218E+19
    6.43873571E+19
    6.42854776E+19
    6.41804304E+19
    6.40724570E+19
    6.39615765E+19
    6.38478424E+19
    6.37314379E+19
    6.36122915E+19
    6.34906273E+19
    6.33665653E+19
    6.32401149E+19
    6.31112668E+19
    6.29801826E+19
    6.28468351E+19
    6.27115452E+19
    6.25744385E+19
    6.24355525E+19
    6.22949485E+19
    6.21523993E+19
    6.20081511E+19
    6.18624058E+19
    6.17151909E+19
    6.15667139E+19
    6.14169631E+19
    6.12660418E+19
    6.11140552E+19
    6.09611604E+19
    6.08072983E+19
    6.06525813E+19
    6.04970954E+19
    6.03408920E+19
    6.01840579E+19
    6.00266073E+19
    5.98662526E+19
    5.96721043E+19
    5.94734669E+19
    5.92768213E+19
    5.90820851E+19
    5.88884272E+19
    5.86955174E+19
    5.85034997E+19
    5.83123570E+19
    5.81217407E+19
    5.79316537E+19
    5.77426954E+19
    5.75537507E+19
    5.73652527E+19
    5.71770939E+19
    5.69894010E+19
    5.68014974E+19
    5.66136598E+19
    5.64259610E+19
    5.62382702E+19
    5.60492708E+19
    5.58604818E+19
    5.56709408E+19
    5.54798321E+19
    5.52873905E+19
    5.50938908E+19
    5.48984946E+19
    5.47004506E+19
    5.44999747E+19
    5.42964713E+19
    5.40901589E+19
    5.38797732E+19
    5.36649039E+19
    5.34456224E+19
    5.32206124E+19
    5.29897806E+19
    5.27532454E+19
    5.25088960E+19
    5.22572329E+19
    5.19966922E+19
    5.17275391E+19
    5.14484005E+19
    5.11590581E+19
    5.08578179E+19
    5.05449598E+19
    5.02187803E+19
    4.98795337E+19
    4.95243993E+19
    4.91543261E+19
    4.87672551E+19
    4.83627604E+19
    4.79391410E+19
    4.74963336E+19
    4.70322363E+19
    4.65466026E+19
    4.60369382E+19
    4.55036860E+19
    4.49440812E+19
    4.43581981E+19
    4.37435564E+19
    4.30990620E+19
    4.24231404E+19
    4.17130617E+19
    4.09650199E+19
    4.01702164E+19
    3.93247530E+19
    3.85896630E+19
    3.85011994E+19
    2.96922982E+19
    1.25274798E+19
